{"/Users/innojini/Dev/calc.man/src/components/HistoryPanel.tsx": {"path":"/Users/innojini/Dev/calc.man/src/components/HistoryPanel.tsx","all":false,"statementMap":{"10":{"start":{"line":11,"column":0},"end":{"line":11,"column":44}},"29":{"start":{"line":30,"column":0},"end":{"line":30,"column":38}},"30":{"start":{"line":31,"column":0},"end":{"line":31,"column":8}},"31":{"start":{"line":32,"column":0},"end":{"line":32,"column":20}},"32":{"start":{"line":33,"column":0},"end":{"line":33,"column":12}},"33":{"start":{"line":34,"column":0},"end":{"line":34,"column":11}},"34":{"start":{"line":35,"column":0},"end":{"line":35,"column":13}},"35":{"start":{"line":36,"column":0},"end":{"line":36,"column":23}},"39":{"start":{"line":40,"column":0},"end":{"line":40,"column":41}},"44":{"start":{"line":45,"column":0},"end":{"line":45,"column":58}},"45":{"start":{"line":46,"column":0},"end":{"line":46,"column":36}},"46":{"start":{"line":47,"column":0},"end":{"line":47,"column":26}},"47":{"start":{"line":48,"column":0},"end":{"line":48,"column":49}},"48":{"start":{"line":49,"column":0},"end":{"line":49,"column":47}},"49":{"start":{"line":50,"column":0},"end":{"line":50,"column":50}},"50":{"start":{"line":51,"column":0},"end":{"line":51,"column":50}},"52":{"start":{"line":53,"column":0},"end":{"line":53,"column":35}},"53":{"start":{"line":54,"column":0},"end":{"line":54,"column":46}},"54":{"start":{"line":55,"column":0},"end":{"line":55,"column":49}},"55":{"start":{"line":56,"column":0},"end":{"line":56,"column":45}},"57":{"start":{"line":58,"column":0},"end":{"line":58,"column":45}},"58":{"start":{"line":59,"column":0},"end":{"line":59,"column":21}},"59":{"start":{"line":60,"column":0},"end":{"line":60,"column":21}},"60":{"start":{"line":61,"column":0},"end":{"line":61,"column":6}},"61":{"start":{"line":62,"column":0},"end":{"line":62,"column":3}},"66":{"start":{"line":67,"column":0},"end":{"line":67,"column":18}},"67":{"start":{"line":68,"column":0},"end":{"line":68,"column":12}},"68":{"start":{"line":69,"column":0},"end":{"line":69,"column":10}},"69":{"start":{"line":70,"column":0},"end":{"line":70,"column":70}},"70":{"start":{"line":71,"column":0},"end":{"line":71,"column":21}},"71":{"start":{"line":72,"column":0},"end":{"line":72,"column":26}},"73":{"start":{"line":74,"column":0},"end":{"line":74,"column":55}},"74":{"start":{"line":75,"column":0},"end":{"line":75,"column":28}},"75":{"start":{"line":76,"column":0},"end":{"line":76,"column":12}},"77":{"start":{"line":78,"column":0},"end":{"line":78,"column":3}},"82":{"start":{"line":83,"column":0},"end":{"line":83,"column":34}},"83":{"start":{"line":84,"column":0},"end":{"line":84,"column":12}},"84":{"start":{"line":85,"column":0},"end":{"line":85,"column":10}},"85":{"start":{"line":86,"column":0},"end":{"line":86,"column":79}},"86":{"start":{"line":87,"column":0},"end":{"line":87,"column":21}},"87":{"start":{"line":88,"column":0},"end":{"line":88,"column":26}},"89":{"start":{"line":90,"column":0},"end":{"line":90,"column":55}},"90":{"start":{"line":91,"column":0},"end":{"line":91,"column":46}},"91":{"start":{"line":92,"column":0},"end":{"line":92,"column":58}},"92":{"start":{"line":93,"column":0},"end":{"line":93,"column":12}},"94":{"start":{"line":95,"column":0},"end":{"line":95,"column":3}},"99":{"start":{"line":100,"column":0},"end":{"line":100,"column":10}},"100":{"start":{"line":101,"column":0},"end":{"line":101,"column":42}},"102":{"start":{"line":103,"column":0},"end":{"line":103,"column":113}},"103":{"start":{"line":104,"column":0},"end":{"line":104,"column":79}},"104":{"start":{"line":105,"column":0},"end":{"line":105,"column":39}},"105":{"start":{"line":106,"column":0},"end":{"line":106,"column":13}},"108":{"start":{"line":109,"column":0},"end":{"line":109,"column":44}},"109":{"start":{"line":110,"column":0},"end":{"line":110,"column":17}},"110":{"start":{"line":111,"column":0},"end":{"line":111,"column":25}},"111":{"start":{"line":112,"column":0},"end":{"line":112,"column":32}},"112":{"start":{"line":113,"column":0},"end":{"line":113,"column":182}},"113":{"start":{"line":114,"column":0},"end":{"line":114,"column":36}},"114":{"start":{"line":115,"column":0},"end":{"line":115,"column":11}},"116":{"start":{"line":117,"column":0},"end":{"line":117,"column":19}},"118":{"start":{"line":119,"column":0},"end":{"line":119,"column":12}},"121":{"start":{"line":122,"column":0},"end":{"line":122,"column":9}},"122":{"start":{"line":123,"column":0},"end":{"line":123,"column":88}},"123":{"start":{"line":124,"column":0},"end":{"line":124,"column":22}},"124":{"start":{"line":125,"column":0},"end":{"line":125,"column":29}},"126":{"start":{"line":127,"column":0},"end":{"line":127,"column":37}},"127":{"start":{"line":128,"column":0},"end":{"line":128,"column":13}},"128":{"start":{"line":129,"column":0},"end":{"line":129,"column":25}},"129":{"start":{"line":130,"column":0},"end":{"line":130,"column":38}},"130":{"start":{"line":131,"column":0},"end":{"line":131,"column":29}},"132":{"start":{"line":133,"column":0},"end":{"line":133,"column":16}},"133":{"start":{"line":134,"column":0},"end":{"line":134,"column":45}},"134":{"start":{"line":135,"column":0},"end":{"line":135,"column":33}},"136":{"start":{"line":137,"column":0},"end":{"line":137,"column":57}},"137":{"start":{"line":138,"column":0},"end":{"line":138,"column":36}},"138":{"start":{"line":139,"column":0},"end":{"line":139,"column":33}},"139":{"start":{"line":140,"column":0},"end":{"line":140,"column":17}},"140":{"start":{"line":141,"column":0},"end":{"line":141,"column":16}},"141":{"start":{"line":142,"column":0},"end":{"line":142,"column":190}},"142":{"start":{"line":143,"column":0},"end":{"line":143,"column":27}},"143":{"start":{"line":144,"column":0},"end":{"line":144,"column":26}},"144":{"start":{"line":145,"column":0},"end":{"line":145,"column":100}},"146":{"start":{"line":147,"column":0},"end":{"line":147,"column":70}},"148":{"start":{"line":149,"column":0},"end":{"line":149,"column":48}},"149":{"start":{"line":150,"column":0},"end":{"line":150,"column":61}},"150":{"start":{"line":151,"column":0},"end":{"line":151,"column":98}},"151":{"start":{"line":152,"column":0},"end":{"line":152,"column":41}},"152":{"start":{"line":153,"column":0},"end":{"line":153,"column":27}},"153":{"start":{"line":154,"column":0},"end":{"line":154,"column":103}},"154":{"start":{"line":155,"column":0},"end":{"line":155,"column":35}},"155":{"start":{"line":156,"column":0},"end":{"line":156,"column":27}},"156":{"start":{"line":157,"column":0},"end":{"line":157,"column":24}},"157":{"start":{"line":158,"column":0},"end":{"line":158,"column":64}},"158":{"start":{"line":159,"column":0},"end":{"line":159,"column":63}},"159":{"start":{"line":160,"column":0},"end":{"line":160,"column":60}},"160":{"start":{"line":161,"column":0},"end":{"line":161,"column":55}},"161":{"start":{"line":162,"column":0},"end":{"line":162,"column":27}},"162":{"start":{"line":163,"column":0},"end":{"line":163,"column":24}},"163":{"start":{"line":164,"column":0},"end":{"line":164,"column":22}},"166":{"start":{"line":167,"column":0},"end":{"line":167,"column":23}},"167":{"start":{"line":168,"column":0},"end":{"line":168,"column":31}},"168":{"start":{"line":169,"column":0},"end":{"line":169,"column":35}},"169":{"start":{"line":170,"column":0},"end":{"line":170,"column":39}},"170":{"start":{"line":171,"column":0},"end":{"line":171,"column":37}},"171":{"start":{"line":172,"column":0},"end":{"line":172,"column":20}},"172":{"start":{"line":173,"column":0},"end":{"line":173,"column":230}},"173":{"start":{"line":174,"column":0},"end":{"line":174,"column":57}},"174":{"start":{"line":175,"column":0},"end":{"line":175,"column":31}},"176":{"start":{"line":177,"column":0},"end":{"line":177,"column":48}},"177":{"start":{"line":178,"column":0},"end":{"line":178,"column":25}},"178":{"start":{"line":179,"column":0},"end":{"line":179,"column":20}},"179":{"start":{"line":180,"column":0},"end":{"line":180,"column":18}},"180":{"start":{"line":181,"column":0},"end":{"line":181,"column":15}},"181":{"start":{"line":182,"column":0},"end":{"line":182,"column":11}},"182":{"start":{"line":183,"column":0},"end":{"line":183,"column":11}},"183":{"start":{"line":184,"column":0},"end":{"line":184,"column":10}},"185":{"start":{"line":186,"column":0},"end":{"line":186,"column":1}}},"s":{"10":1,"29":11,"30":11,"31":11,"32":11,"33":11,"34":11,"35":11,"39":11,"44":11,"45":82,"46":82,"47":82,"48":82,"49":82,"50":82,"52":82,"53":82,"54":82,"55":82,"57":82,"58":82,"59":82,"60":82,"61":82,"66":11,"67":1,"68":1,"69":1,"70":1,"71":1,"73":1,"74":1,"75":1,"77":1,"82":11,"83":2,"84":2,"85":2,"86":2,"87":2,"89":2,"90":2,"91":2,"92":2,"94":2,"99":8,"100":8,"102":8,"103":8,"104":8,"105":8,"108":11,"109":1,"110":1,"111":1,"112":1,"113":1,"114":1,"116":1,"118":11,"121":11,"122":11,"123":11,"124":11,"126":11,"127":41,"128":41,"129":41,"130":41,"132":41,"133":41,"134":41,"136":1,"137":1,"138":1,"139":1,"140":1,"141":41,"142":41,"143":41,"144":41,"146":41,"148":41,"149":41,"150":41,"151":41,"152":41,"153":41,"154":41,"155":41,"156":41,"157":41,"158":41,"159":41,"160":41,"161":41,"162":41,"163":41,"166":41,"167":41,"168":41,"169":1,"170":1,"171":1,"172":41,"173":41,"174":41,"176":41,"177":41,"178":41,"179":41,"180":41,"181":11,"182":11,"183":11,"185":11},"branchMap":{"0":{"type":"branch","line":30,"loc":{"start":{"line":30,"column":0},"end":{"line":186,"column":1}},"locations":[{"start":{"line":30,"column":0},"end":{"line":186,"column":1}}]},"1":{"type":"branch","line":67,"loc":{"start":{"line":67,"column":17},"end":{"line":78,"column":3}},"locations":[{"start":{"line":67,"column":17},"end":{"line":78,"column":3}}]},"2":{"type":"branch","line":78,"loc":{"start":{"line":78,"column":2},"end":{"line":83,"column":33}},"locations":[{"start":{"line":78,"column":2},"end":{"line":83,"column":33}}]},"3":{"type":"branch","line":83,"loc":{"start":{"line":83,"column":33},"end":{"line":95,"column":3}},"locations":[{"start":{"line":83,"column":33},"end":{"line":95,"column":3}}]},"4":{"type":"branch","line":95,"loc":{"start":{"line":95,"column":2},"end":{"line":109,"column":23}},"locations":[{"start":{"line":95,"column":2},"end":{"line":109,"column":23}}]},"5":{"type":"branch","line":109,"loc":{"start":{"line":109,"column":9},"end":{"line":109,"column":44}},"locations":[{"start":{"line":109,"column":9},"end":{"line":109,"column":44}}]},"6":{"type":"branch","line":109,"loc":{"start":{"line":109,"column":38},"end":{"line":117,"column":19}},"locations":[{"start":{"line":109,"column":38},"end":{"line":117,"column":19}}]},"7":{"type":"branch","line":45,"loc":{"start":{"line":45,"column":26},"end":{"line":62,"column":3}},"locations":[{"start":{"line":45,"column":26},"end":{"line":62,"column":3}}]},"8":{"type":"branch","line":53,"loc":{"start":{"line":53,"column":22},"end":{"line":53,"column":35}},"locations":[{"start":{"line":53,"column":22},"end":{"line":53,"column":35}}]},"9":{"type":"branch","line":54,"loc":{"start":{"line":54,"column":23},"end":{"line":54,"column":46}},"locations":[{"start":{"line":54,"column":23},"end":{"line":54,"column":46}}]},"10":{"type":"branch","line":55,"loc":{"start":{"line":55,"column":24},"end":{"line":55,"column":49}},"locations":[{"start":{"line":55,"column":24},"end":{"line":55,"column":49}}]},"11":{"type":"branch","line":56,"loc":{"start":{"line":56,"column":22},"end":{"line":56,"column":45}},"locations":[{"start":{"line":56,"column":22},"end":{"line":56,"column":45}}]},"12":{"type":"branch","line":127,"loc":{"start":{"line":127,"column":26},"end":{"line":181,"column":15}},"locations":[{"start":{"line":127,"column":26},"end":{"line":181,"column":15}}]},"13":{"type":"branch","line":134,"loc":{"start":{"line":134,"column":23},"end":{"line":134,"column":45}},"locations":[{"start":{"line":134,"column":23},"end":{"line":134,"column":45}}]},"14":{"type":"branch","line":135,"loc":{"start":{"line":135,"column":25},"end":{"line":141,"column":16}},"locations":[{"start":{"line":135,"column":25},"end":{"line":141,"column":16}}]},"15":{"type":"branch","line":137,"loc":{"start":{"line":137,"column":30},"end":{"line":137,"column":56}},"locations":[{"start":{"line":137,"column":30},"end":{"line":137,"column":56}}]},"16":{"type":"branch","line":169,"loc":{"start":{"line":169,"column":27},"end":{"line":172,"column":20}},"locations":[{"start":{"line":169,"column":27},"end":{"line":172,"column":20}}]}},"b":{"0":[11],"1":[1],"2":[10],"3":[2],"4":[8],"5":[1],"6":[1],"7":[82],"8":[0],"9":[0],"10":[0],"11":[0],"12":[41],"13":[1],"14":[1],"15":[0],"16":[1]},"fnMap":{"0":{"name":"HistoryPanel","decl":{"start":{"line":30,"column":0},"end":{"line":186,"column":1}},"loc":{"start":{"line":30,"column":0},"end":{"line":186,"column":1}},"line":30},"1":{"name":"formatTimestamp","decl":{"start":{"line":45,"column":26},"end":{"line":62,"column":3}},"loc":{"start":{"line":45,"column":26},"end":{"line":62,"column":3}},"line":45},"2":{"name":"onClick","decl":{"start":{"line":134,"column":23},"end":{"line":134,"column":45}},"loc":{"start":{"line":134,"column":23},"end":{"line":134,"column":45}},"line":134},"3":{"name":"onKeyDown","decl":{"start":{"line":135,"column":25},"end":{"line":141,"column":16}},"loc":{"start":{"line":135,"column":25},"end":{"line":141,"column":16}},"line":135},"4":{"name":"onClick","decl":{"start":{"line":169,"column":27},"end":{"line":172,"column":20}},"loc":{"start":{"line":169,"column":27},"end":{"line":172,"column":20}},"line":169}},"f":{"0":11,"1":82,"2":1,"3":1,"4":1}}
,"/Users/innojini/Dev/calc.man/src/components/calculator/Calculator.tsx": {"path":"/Users/innojini/Dev/calc.man/src/components/calculator/Calculator.tsx","all":false,"statementMap":{"0":{"start":{"line":1,"column":0},"end":{"line":1,"column":33}},"1":{"start":{"line":2,"column":0},"end":{"line":2,"column":43}},"2":{"start":{"line":3,"column":0},"end":{"line":3,"column":63}},"3":{"start":{"line":4,"column":0},"end":{"line":4,"column":49}},"4":{"start":{"line":5,"column":0},"end":{"line":5,"column":51}},"5":{"start":{"line":6,"column":0},"end":{"line":6,"column":47}},"6":{"start":{"line":7,"column":0},"end":{"line":7,"column":31}},"7":{"start":{"line":8,"column":0},"end":{"line":8,"column":29}},"25":{"start":{"line":26,"column":0},"end":{"line":26,"column":38}},"26":{"start":{"line":27,"column":0},"end":{"line":27,"column":9}},"27":{"start":{"line":28,"column":0},"end":{"line":28,"column":17}},"28":{"start":{"line":29,"column":0},"end":{"line":29,"column":18}},"29":{"start":{"line":30,"column":0},"end":{"line":30,"column":13}},"30":{"start":{"line":31,"column":0},"end":{"line":31,"column":10}},"31":{"start":{"line":32,"column":0},"end":{"line":32,"column":16}},"32":{"start":{"line":33,"column":0},"end":{"line":33,"column":16}},"33":{"start":{"line":34,"column":0},"end":{"line":34,"column":14}},"34":{"start":{"line":35,"column":0},"end":{"line":35,"column":13}},"35":{"start":{"line":36,"column":0},"end":{"line":36,"column":15}},"36":{"start":{"line":37,"column":0},"end":{"line":37,"column":26}},"38":{"start":{"line":39,"column":0},"end":{"line":39,"column":53}},"39":{"start":{"line":40,"column":0},"end":{"line":40,"column":42}},"44":{"start":{"line":45,"column":0},"end":{"line":45,"column":14}},"46":{"start":{"line":47,"column":0},"end":{"line":47,"column":34}},"48":{"start":{"line":49,"column":0},"end":{"line":49,"column":29}},"50":{"start":{"line":51,"column":0},"end":{"line":51,"column":17}},"51":{"start":{"line":52,"column":0},"end":{"line":52,"column":34}},"52":{"start":{"line":53,"column":0},"end":{"line":53,"column":19}},"53":{"start":{"line":54,"column":0},"end":{"line":54,"column":27}},"54":{"start":{"line":55,"column":0},"end":{"line":55,"column":7}},"55":{"start":{"line":56,"column":0},"end":{"line":56,"column":5}},"56":{"start":{"line":57,"column":0},"end":{"line":57,"column":3}},"63":{"start":{"line":64,"column":0},"end":{"line":64,"column":19}},"64":{"start":{"line":65,"column":0},"end":{"line":65,"column":8}},"65":{"start":{"line":66,"column":0},"end":{"line":66,"column":15}},"66":{"start":{"line":67,"column":0},"end":{"line":67,"column":31}},"67":{"start":{"line":68,"column":0},"end":{"line":68,"column":26}},"68":{"start":{"line":69,"column":0},"end":{"line":69,"column":26}},"69":{"start":{"line":70,"column":0},"end":{"line":70,"column":7}},"71":{"start":{"line":72,"column":0},"end":{"line":72,"column":71}},"72":{"start":{"line":73,"column":0},"end":{"line":73,"column":64}},"73":{"start":{"line":74,"column":0},"end":{"line":74,"column":57}},"74":{"start":{"line":75,"column":0},"end":{"line":75,"column":8}},"75":{"start":{"line":76,"column":0},"end":{"line":76,"column":5}},"76":{"start":{"line":77,"column":0},"end":{"line":77,"column":69}},"81":{"start":{"line":82,"column":0},"end":{"line":82,"column":42}},"83":{"start":{"line":84,"column":0},"end":{"line":84,"column":34}},"84":{"start":{"line":85,"column":0},"end":{"line":85,"column":12}},"85":{"start":{"line":86,"column":0},"end":{"line":86,"column":5}},"87":{"start":{"line":88,"column":0},"end":{"line":88,"column":20}},"88":{"start":{"line":89,"column":0},"end":{"line":89,"column":16}},"89":{"start":{"line":90,"column":0},"end":{"line":90,"column":18}},"90":{"start":{"line":91,"column":0},"end":{"line":91,"column":13}},"91":{"start":{"line":92,"column":0},"end":{"line":92,"column":17}},"92":{"start":{"line":93,"column":0},"end":{"line":93,"column":20}},"93":{"start":{"line":94,"column":0},"end":{"line":94,"column":13}},"94":{"start":{"line":95,"column":0},"end":{"line":95,"column":15}},"95":{"start":{"line":96,"column":0},"end":{"line":96,"column":19}},"96":{"start":{"line":97,"column":0},"end":{"line":97,"column":13}},"97":{"start":{"line":98,"column":0},"end":{"line":98,"column":15}},"98":{"start":{"line":99,"column":0},"end":{"line":99,"column":15}},"99":{"start":{"line":100,"column":0},"end":{"line":100,"column":26}},"100":{"start":{"line":101,"column":0},"end":{"line":101,"column":13}},"101":{"start":{"line":102,"column":0},"end":{"line":102,"column":15}},"102":{"start":{"line":103,"column":0},"end":{"line":103,"column":15}},"103":{"start":{"line":104,"column":0},"end":{"line":104,"column":24}},"104":{"start":{"line":105,"column":0},"end":{"line":105,"column":13}},"105":{"start":{"line":106,"column":0},"end":{"line":106,"column":15}},"106":{"start":{"line":107,"column":0},"end":{"line":107,"column":15}},"107":{"start":{"line":108,"column":0},"end":{"line":108,"column":24}},"108":{"start":{"line":109,"column":0},"end":{"line":109,"column":13}},"109":{"start":{"line":110,"column":0},"end":{"line":110,"column":14}},"111":{"start":{"line":112,"column":0},"end":{"line":112,"column":26}},"112":{"start":{"line":113,"column":0},"end":{"line":113,"column":13}},"113":{"start":{"line":114,"column":0},"end":{"line":114,"column":5}},"114":{"start":{"line":115,"column":0},"end":{"line":115,"column":3}},"120":{"start":{"line":121,"column":0},"end":{"line":121,"column":42}},"121":{"start":{"line":122,"column":0},"end":{"line":122,"column":16}},"122":{"start":{"line":123,"column":0},"end":{"line":123,"column":12}},"123":{"start":{"line":124,"column":0},"end":{"line":124,"column":5}},"126":{"start":{"line":127,"column":0},"end":{"line":127,"column":42}},"127":{"start":{"line":128,"column":0},"end":{"line":128,"column":31}},"131":{"start":{"line":132,"column":0},"end":{"line":132,"column":24}},"132":{"start":{"line":133,"column":0},"end":{"line":133,"column":5}},"133":{"start":{"line":134,"column":0},"end":{"line":134,"column":3}},"140":{"start":{"line":141,"column":0},"end":{"line":141,"column":48}},"141":{"start":{"line":142,"column":0},"end":{"line":142,"column":22}},"142":{"start":{"line":143,"column":0},"end":{"line":143,"column":3}},"144":{"start":{"line":145,"column":0},"end":{"line":145,"column":10}},"145":{"start":{"line":146,"column":0},"end":{"line":146,"column":36}},"146":{"start":{"line":147,"column":0},"end":{"line":147,"column":85}},"149":{"start":{"line":150,"column":0},"end":{"line":150,"column":84}},"152":{"start":{"line":153,"column":0},"end":{"line":153,"column":50}},"153":{"start":{"line":154,"column":0},"end":{"line":154,"column":11}},"155":{"start":{"line":156,"column":0},"end":{"line":156,"column":1}}},"s":{"0":1,"1":1,"2":1,"3":1,"4":1,"5":1,"6":1,"7":1,"25":58,"26":58,"27":58,"28":58,"29":58,"30":58,"31":58,"32":58,"33":58,"34":58,"35":58,"36":58,"38":58,"39":58,"44":58,"46":58,"48":58,"50":58,"51":0,"52":0,"53":0,"54":0,"55":0,"56":58,"63":58,"64":58,"65":58,"66":55,"67":15,"68":0,"69":58,"71":0,"72":0,"73":0,"74":0,"75":0,"76":58,"81":58,"83":44,"84":1,"85":1,"87":43,"88":44,"89":2,"90":2,"91":44,"92":0,"93":0,"94":44,"95":6,"96":6,"97":44,"98":44,"99":3,"100":3,"101":44,"102":44,"103":1,"104":1,"105":44,"106":44,"107":3,"108":3,"109":44,"111":28,"112":28,"113":44,"114":44,"120":58,"121":0,"122":0,"123":0,"126":0,"127":0,"131":0,"132":0,"133":0,"140":58,"141":44,"142":44,"144":58,"145":58,"146":58,"149":58,"152":58,"153":58,"155":58},"branchMap":{"0":{"type":"branch","line":26,"loc":{"start":{"line":26,"column":0},"end":{"line":156,"column":1}},"locations":[{"start":{"line":26,"column":0},"end":{"line":156,"column":1}}]},"1":{"type":"branch","line":64,"loc":{"start":{"line":64,"column":12},"end":{"line":77,"column":5}},"locations":[{"start":{"line":64,"column":12},"end":{"line":77,"column":5}}]},"2":{"type":"branch","line":66,"loc":{"start":{"line":66,"column":7},"end":{"line":67,"column":31}},"locations":[{"start":{"line":66,"column":7},"end":{"line":67,"column":31}}]},"3":{"type":"branch","line":67,"loc":{"start":{"line":67,"column":24},"end":{"line":68,"column":26}},"locations":[{"start":{"line":67,"column":24},"end":{"line":68,"column":26}}]},"4":{"type":"branch","line":68,"loc":{"start":{"line":68,"column":19},"end":{"line":69,"column":26}},"locations":[{"start":{"line":68,"column":19},"end":{"line":69,"column":26}}]},"5":{"type":"branch","line":70,"loc":{"start":{"line":70,"column":6},"end":{"line":76,"column":5}},"locations":[{"start":{"line":70,"column":6},"end":{"line":76,"column":5}}]},"6":{"type":"branch","line":82,"loc":{"start":{"line":82,"column":22},"end":{"line":115,"column":3}},"locations":[{"start":{"line":82,"column":22},"end":{"line":115,"column":3}}]},"7":{"type":"branch","line":84,"loc":{"start":{"line":84,"column":8},"end":{"line":84,"column":33}},"locations":[{"start":{"line":84,"column":8},"end":{"line":84,"column":33}}]},"8":{"type":"branch","line":84,"loc":{"start":{"line":84,"column":33},"end":{"line":86,"column":5}},"locations":[{"start":{"line":84,"column":33},"end":{"line":86,"column":5}}]},"9":{"type":"branch","line":86,"loc":{"start":{"line":86,"column":4},"end":{"line":88,"column":20}},"locations":[{"start":{"line":86,"column":4},"end":{"line":88,"column":20}}]},"10":{"type":"branch","line":89,"loc":{"start":{"line":89,"column":6},"end":{"line":91,"column":13}},"locations":[{"start":{"line":89,"column":6},"end":{"line":91,"column":13}}]},"11":{"type":"branch","line":92,"loc":{"start":{"line":92,"column":6},"end":{"line":94,"column":13}},"locations":[{"start":{"line":92,"column":6},"end":{"line":94,"column":13}}]},"12":{"type":"branch","line":95,"loc":{"start":{"line":95,"column":6},"end":{"line":97,"column":13}},"locations":[{"start":{"line":95,"column":6},"end":{"line":97,"column":13}}]},"13":{"type":"branch","line":98,"loc":{"start":{"line":98,"column":6},"end":{"line":98,"column":15}},"locations":[{"start":{"line":98,"column":6},"end":{"line":98,"column":15}}]},"14":{"type":"branch","line":99,"loc":{"start":{"line":99,"column":6},"end":{"line":101,"column":13}},"locations":[{"start":{"line":99,"column":6},"end":{"line":101,"column":13}}]},"15":{"type":"branch","line":102,"loc":{"start":{"line":102,"column":6},"end":{"line":102,"column":15}},"locations":[{"start":{"line":102,"column":6},"end":{"line":102,"column":15}}]},"16":{"type":"branch","line":103,"loc":{"start":{"line":103,"column":6},"end":{"line":105,"column":13}},"locations":[{"start":{"line":103,"column":6},"end":{"line":105,"column":13}}]},"17":{"type":"branch","line":106,"loc":{"start":{"line":106,"column":6},"end":{"line":106,"column":15}},"locations":[{"start":{"line":106,"column":6},"end":{"line":106,"column":15}}]},"18":{"type":"branch","line":107,"loc":{"start":{"line":107,"column":6},"end":{"line":109,"column":13}},"locations":[{"start":{"line":107,"column":6},"end":{"line":109,"column":13}}]},"19":{"type":"branch","line":110,"loc":{"start":{"line":110,"column":6},"end":{"line":113,"column":13}},"locations":[{"start":{"line":110,"column":6},"end":{"line":113,"column":13}}]},"20":{"type":"branch","line":141,"loc":{"start":{"line":141,"column":28},"end":{"line":143,"column":3}},"locations":[{"start":{"line":141,"column":28},"end":{"line":143,"column":3}}]}},"b":{"0":[58],"1":[58],"2":[55],"3":[15],"4":[0],"5":[0],"6":[44],"7":[2],"8":[1],"9":[43],"10":[2],"11":[0],"12":[6],"13":[3],"14":[3],"15":[1],"16":[1],"17":[3],"18":[3],"19":[28],"20":[44]},"fnMap":{"0":{"name":"Calculator","decl":{"start":{"line":26,"column":0},"end":{"line":156,"column":1}},"loc":{"start":{"line":26,"column":0},"end":{"line":156,"column":1}},"line":26},"1":{"name":"handleInput","decl":{"start":{"line":82,"column":22},"end":{"line":115,"column":3}},"loc":{"start":{"line":82,"column":22},"end":{"line":115,"column":3}},"line":82},"2":{"name":"handlePaste","decl":{"start":{"line":121,"column":22},"end":{"line":134,"column":3}},"loc":{"start":{"line":121,"column":22},"end":{"line":134,"column":3}},"line":121},"3":{"name":"handleButtonClick","decl":{"start":{"line":141,"column":28},"end":{"line":143,"column":3}},"loc":{"start":{"line":141,"column":28},"end":{"line":143,"column":3}},"line":141}},"f":{"0":58,"1":44,"2":0,"3":44}}
,"/Users/innojini/Dev/calc.man/src/components/calculator/Display.tsx": {"path":"/Users/innojini/Dev/calc.man/src/components/calculator/Display.tsx","all":false,"statementMap":{"18":{"start":{"line":19,"column":0},"end":{"line":19,"column":50}},"19":{"start":{"line":20,"column":0},"end":{"line":20,"column":29}},"20":{"start":{"line":21,"column":0},"end":{"line":21,"column":37}},"21":{"start":{"line":22,"column":0},"end":{"line":22,"column":37}},"22":{"start":{"line":23,"column":0},"end":{"line":23,"column":19}},"23":{"start":{"line":24,"column":0},"end":{"line":24,"column":1}},"39":{"start":{"line":40,"column":0},"end":{"line":40,"column":89}},"40":{"start":{"line":41,"column":0},"end":{"line":41,"column":47}},"41":{"start":{"line":42,"column":0},"end":{"line":42,"column":46}},"43":{"start":{"line":44,"column":0},"end":{"line":44,"column":10}},"44":{"start":{"line":45,"column":0},"end":{"line":45,"column":119}},"45":{"start":{"line":46,"column":0},"end":{"line":46,"column":16}},"46":{"start":{"line":47,"column":0},"end":{"line":47,"column":13}},"47":{"start":{"line":48,"column":0},"end":{"line":48,"column":91}},"48":{"start":{"line":49,"column":0},"end":{"line":49,"column":22}},"49":{"start":{"line":50,"column":0},"end":{"line":50,"column":28}},"51":{"start":{"line":52,"column":0},"end":{"line":52,"column":24}},"52":{"start":{"line":53,"column":0},"end":{"line":53,"column":15}},"54":{"start":{"line":55,"column":0},"end":{"line":55,"column":13}},"55":{"start":{"line":56,"column":0},"end":{"line":56,"column":78}},"56":{"start":{"line":57,"column":0},"end":{"line":57,"column":28}},"58":{"start":{"line":59,"column":0},"end":{"line":59,"column":24}},"59":{"start":{"line":60,"column":0},"end":{"line":60,"column":15}},"63":{"start":{"line":64,"column":0},"end":{"line":64,"column":18}},"64":{"start":{"line":65,"column":0},"end":{"line":65,"column":12}},"65":{"start":{"line":66,"column":0},"end":{"line":66,"column":108}},"66":{"start":{"line":67,"column":0},"end":{"line":67,"column":23}},"67":{"start":{"line":68,"column":0},"end":{"line":68,"column":28}},"68":{"start":{"line":69,"column":0},"end":{"line":69,"column":9}},"70":{"start":{"line":71,"column":0},"end":{"line":71,"column":14}},"72":{"start":{"line":73,"column":0},"end":{"line":73,"column":10}},"74":{"start":{"line":75,"column":0},"end":{"line":75,"column":1}}},"s":{"18":72,"19":72,"20":72,"21":14,"22":2,"23":2,"39":72,"40":72,"41":72,"43":72,"44":72,"45":72,"46":6,"47":6,"48":6,"49":6,"51":6,"52":6,"54":66,"55":66,"56":66,"58":66,"59":66,"63":72,"64":0,"65":0,"66":0,"67":0,"68":0,"70":0,"72":72,"74":72},"branchMap":{"0":{"type":"branch","line":19,"loc":{"start":{"line":19,"column":0},"end":{"line":24,"column":1}},"locations":[{"start":{"line":19,"column":0},"end":{"line":24,"column":1}}]},"1":{"type":"branch","line":21,"loc":{"start":{"line":21,"column":20},"end":{"line":21,"column":37}},"locations":[{"start":{"line":21,"column":20},"end":{"line":21,"column":37}}]},"2":{"type":"branch","line":21,"loc":{"start":{"line":21,"column":27},"end":{"line":24,"column":1}},"locations":[{"start":{"line":21,"column":27},"end":{"line":24,"column":1}}]},"3":{"type":"branch","line":21,"loc":{"start":{"line":21,"column":27},"end":{"line":22,"column":27}},"locations":[{"start":{"line":21,"column":27},"end":{"line":22,"column":27}}]},"4":{"type":"branch","line":22,"loc":{"start":{"line":22,"column":20},"end":{"line":22,"column":37}},"locations":[{"start":{"line":22,"column":20},"end":{"line":22,"column":37}}]},"5":{"type":"branch","line":22,"loc":{"start":{"line":22,"column":27},"end":{"line":24,"column":1}},"locations":[{"start":{"line":22,"column":27},"end":{"line":24,"column":1}}]},"6":{"type":"branch","line":40,"loc":{"start":{"line":40,"column":0},"end":{"line":75,"column":1}},"locations":[{"start":{"line":40,"column":0},"end":{"line":75,"column":1}}]},"7":{"type":"branch","line":42,"loc":{"start":{"line":42,"column":23},"end":{"line":42,"column":41}},"locations":[{"start":{"line":42,"column":23},"end":{"line":42,"column":41}}]},"8":{"type":"branch","line":42,"loc":{"start":{"line":42,"column":31},"end":{"line":42,"column":46}},"locations":[{"start":{"line":42,"column":31},"end":{"line":42,"column":46}}]},"9":{"type":"branch","line":46,"loc":{"start":{"line":46,"column":7},"end":{"line":53,"column":15}},"locations":[{"start":{"line":46,"column":7},"end":{"line":53,"column":15}}]},"10":{"type":"branch","line":53,"loc":{"start":{"line":53,"column":8},"end":{"line":60,"column":15}},"locations":[{"start":{"line":53,"column":8},"end":{"line":60,"column":15}}]},"11":{"type":"branch","line":64,"loc":{"start":{"line":64,"column":7},"end":{"line":71,"column":14}},"locations":[{"start":{"line":64,"column":7},"end":{"line":71,"column":14}}]}},"b":{"0":[72],"1":[69],"2":[14],"3":[3],"4":[1],"5":[2],"6":[72],"7":[6],"8":[66],"9":[6],"10":[66],"11":[0]},"fnMap":{"0":{"name":"getFontSizeClass","decl":{"start":{"line":19,"column":0},"end":{"line":24,"column":1}},"loc":{"start":{"line":19,"column":0},"end":{"line":24,"column":1}},"line":19},"1":{"name":"Display","decl":{"start":{"line":40,"column":0},"end":{"line":75,"column":1}},"loc":{"start":{"line":40,"column":0},"end":{"line":75,"column":1}},"line":40}},"f":{"0":72,"1":72}}
,"/Users/innojini/Dev/calc.man/src/components/calculator/Keypad.tsx": {"path":"/Users/innojini/Dev/calc.man/src/components/calculator/Keypad.tsx","all":false,"statementMap":{"0":{"start":{"line":1,"column":0},"end":{"line":1,"column":41}},"19":{"start":{"line":20,"column":0},"end":{"line":20,"column":23}},"20":{"start":{"line":21,"column":0},"end":{"line":21,"column":24}},"21":{"start":{"line":22,"column":0},"end":{"line":22,"column":23}},"22":{"start":{"line":23,"column":0},"end":{"line":23,"column":23}},"23":{"start":{"line":24,"column":0},"end":{"line":24,"column":23}},"24":{"start":{"line":25,"column":0},"end":{"line":25,"column":13}},"25":{"start":{"line":26,"column":0},"end":{"line":26,"column":1}},"30":{"start":{"line":31,"column":0},"end":{"line":31,"column":78}},"31":{"start":{"line":32,"column":0},"end":{"line":32,"column":56}},"32":{"start":{"line":33,"column":0},"end":{"line":33,"column":61}},"33":{"start":{"line":34,"column":0},"end":{"line":34,"column":18}},"34":{"start":{"line":35,"column":0},"end":{"line":35,"column":1}},"39":{"start":{"line":40,"column":0},"end":{"line":40,"column":47}},"40":{"start":{"line":41,"column":0},"end":{"line":41,"column":30}},"41":{"start":{"line":42,"column":0},"end":{"line":42,"column":1}},"53":{"start":{"line":54,"column":0},"end":{"line":54,"column":64}},"54":{"start":{"line":55,"column":0},"end":{"line":55,"column":10}},"55":{"start":{"line":56,"column":0},"end":{"line":56,"column":53}},"56":{"start":{"line":57,"column":0},"end":{"line":57,"column":43}},"57":{"start":{"line":58,"column":0},"end":{"line":58,"column":28}},"58":{"start":{"line":59,"column":0},"end":{"line":59,"column":23}},"59":{"start":{"line":60,"column":0},"end":{"line":60,"column":40}},"60":{"start":{"line":61,"column":0},"end":{"line":61,"column":25}},"61":{"start":{"line":62,"column":0},"end":{"line":62,"column":35}},"62":{"start":{"line":63,"column":0},"end":{"line":63,"column":45}},"63":{"start":{"line":64,"column":0},"end":{"line":64,"column":39}},"64":{"start":{"line":65,"column":0},"end":{"line":65,"column":12}},"65":{"start":{"line":66,"column":0},"end":{"line":66,"column":10}},"66":{"start":{"line":67,"column":0},"end":{"line":67,"column":8}},"67":{"start":{"line":68,"column":0},"end":{"line":68,"column":10}},"69":{"start":{"line":70,"column":0},"end":{"line":70,"column":1}}},"s":{"0":1,"19":1,"20":1,"21":1,"22":1,"23":1,"24":1,"25":1,"30":1314,"31":1314,"32":1314,"33":803,"34":803,"39":1314,"40":1314,"41":1314,"53":73,"54":73,"55":73,"56":73,"57":365,"58":1314,"59":1314,"60":1314,"61":1314,"62":1314,"63":1314,"64":1314,"65":365,"66":73,"67":73,"69":73},"branchMap":{"0":{"type":"branch","line":31,"loc":{"start":{"line":31,"column":0},"end":{"line":35,"column":1}},"locations":[{"start":{"line":31,"column":0},"end":{"line":35,"column":1}}]},"1":{"type":"branch","line":32,"loc":{"start":{"line":32,"column":40},"end":{"line":32,"column":56}},"locations":[{"start":{"line":32,"column":40},"end":{"line":32,"column":56}}]},"2":{"type":"branch","line":32,"loc":{"start":{"line":32,"column":47},"end":{"line":33,"column":51}},"locations":[{"start":{"line":32,"column":47},"end":{"line":33,"column":51}}]},"3":{"type":"branch","line":33,"loc":{"start":{"line":33,"column":44},"end":{"line":33,"column":61}},"locations":[{"start":{"line":33,"column":44},"end":{"line":33,"column":61}}]},"4":{"type":"branch","line":33,"loc":{"start":{"line":33,"column":51},"end":{"line":35,"column":1}},"locations":[{"start":{"line":33,"column":51},"end":{"line":35,"column":1}}]},"5":{"type":"branch","line":40,"loc":{"start":{"line":40,"column":0},"end":{"line":42,"column":1}},"locations":[{"start":{"line":40,"column":0},"end":{"line":42,"column":1}}]},"6":{"type":"branch","line":41,"loc":{"start":{"line":41,"column":19},"end":{"line":41,"column":29}},"locations":[{"start":{"line":41,"column":19},"end":{"line":41,"column":29}}]},"7":{"type":"branch","line":41,"loc":{"start":{"line":41,"column":25},"end":{"line":41,"column":30}},"locations":[{"start":{"line":41,"column":25},"end":{"line":41,"column":30}}]},"8":{"type":"branch","line":54,"loc":{"start":{"line":54,"column":0},"end":{"line":70,"column":1}},"locations":[{"start":{"line":54,"column":0},"end":{"line":70,"column":1}}]},"9":{"type":"branch","line":57,"loc":{"start":{"line":57,"column":25},"end":{"line":66,"column":10}},"locations":[{"start":{"line":57,"column":25},"end":{"line":66,"column":10}}]},"10":{"type":"branch","line":58,"loc":{"start":{"line":58,"column":16},"end":{"line":65,"column":12}},"locations":[{"start":{"line":58,"column":16},"end":{"line":65,"column":12}}]}},"b":{"0":[1314],"1":[219],"2":[1095],"3":[292],"4":[803],"5":[1314],"6":[73],"7":[1241],"8":[73],"9":[365],"10":[1314]},"fnMap":{"0":{"name":"getButtonVariant","decl":{"start":{"line":31,"column":0},"end":{"line":35,"column":1}},"loc":{"start":{"line":31,"column":0},"end":{"line":35,"column":1}},"line":31},"1":{"name":"getButtonSpan","decl":{"start":{"line":40,"column":0},"end":{"line":42,"column":1}},"loc":{"start":{"line":40,"column":0},"end":{"line":42,"column":1}},"line":40},"2":{"name":"Keypad","decl":{"start":{"line":54,"column":0},"end":{"line":70,"column":1}},"loc":{"start":{"line":54,"column":0},"end":{"line":70,"column":1}},"line":54}},"f":{"0":1314,"1":1314,"2":73}}
,"/Users/innojini/Dev/calc.man/src/components/calculator/KeypadButton.tsx": {"path":"/Users/innojini/Dev/calc.man/src/components/calculator/KeypadButton.tsx","all":false,"statementMap":{"0":{"start":{"line":1,"column":0},"end":{"line":1,"column":47}},"18":{"start":{"line":19,"column":0},"end":{"line":19,"column":46}},"19":{"start":{"line":20,"column":0},"end":{"line":20,"column":18}},"20":{"start":{"line":21,"column":0},"end":{"line":21,"column":14}},"21":{"start":{"line":22,"column":0},"end":{"line":22,"column":24}},"22":{"start":{"line":23,"column":0},"end":{"line":23,"column":13}},"23":{"start":{"line":24,"column":0},"end":{"line":24,"column":20}},"24":{"start":{"line":25,"column":0},"end":{"line":25,"column":13}},"25":{"start":{"line":26,"column":0},"end":{"line":26,"column":21}},"26":{"start":{"line":27,"column":0},"end":{"line":27,"column":13}},"27":{"start":{"line":28,"column":0},"end":{"line":28,"column":21}},"28":{"start":{"line":29,"column":0},"end":{"line":29,"column":13}},"29":{"start":{"line":30,"column":0},"end":{"line":30,"column":23}},"30":{"start":{"line":31,"column":0},"end":{"line":31,"column":13}},"31":{"start":{"line":32,"column":0},"end":{"line":32,"column":23}},"32":{"start":{"line":33,"column":0},"end":{"line":33,"column":13}},"33":{"start":{"line":34,"column":0},"end":{"line":34,"column":18}},"34":{"start":{"line":35,"column":0},"end":{"line":35,"column":13}},"35":{"start":{"line":36,"column":0},"end":{"line":36,"column":28}},"36":{"start":{"line":37,"column":0},"end":{"line":37,"column":12}},"37":{"start":{"line":38,"column":0},"end":{"line":38,"column":18}},"38":{"start":{"line":39,"column":0},"end":{"line":39,"column":3}},"39":{"start":{"line":40,"column":0},"end":{"line":40,"column":1}},"44":{"start":{"line":45,"column":0},"end":{"line":45,"column":81}},"45":{"start":{"line":46,"column":0},"end":{"line":46,"column":20}},"46":{"start":{"line":47,"column":0},"end":{"line":47,"column":19}},"47":{"start":{"line":48,"column":0},"end":{"line":48,"column":58}},"48":{"start":{"line":49,"column":0},"end":{"line":49,"column":20}},"49":{"start":{"line":50,"column":0},"end":{"line":50,"column":59}},"50":{"start":{"line":51,"column":0},"end":{"line":51,"column":19}},"51":{"start":{"line":52,"column":0},"end":{"line":52,"column":55}},"52":{"start":{"line":53,"column":0},"end":{"line":53,"column":12}},"53":{"start":{"line":54,"column":0},"end":{"line":54,"column":58}},"54":{"start":{"line":55,"column":0},"end":{"line":55,"column":3}},"55":{"start":{"line":56,"column":0},"end":{"line":56,"column":1}},"70":{"start":{"line":71,"column":0},"end":{"line":71,"column":38}},"71":{"start":{"line":72,"column":0},"end":{"line":72,"column":8}},"72":{"start":{"line":73,"column":0},"end":{"line":73,"column":10}},"73":{"start":{"line":74,"column":0},"end":{"line":74,"column":22}},"74":{"start":{"line":75,"column":0},"end":{"line":75,"column":11}},"75":{"start":{"line":76,"column":0},"end":{"line":76,"column":19}},"76":{"start":{"line":77,"column":0},"end":{"line":77,"column":23}},"77":{"start":{"line":78,"column":0},"end":{"line":78,"column":39}},"78":{"start":{"line":79,"column":0},"end":{"line":79,"column":51}},"79":{"start":{"line":80,"column":0},"end":{"line":80,"column":54}},"81":{"start":{"line":82,"column":0},"end":{"line":82,"column":29}},"82":{"start":{"line":83,"column":0},"end":{"line":83,"column":20}},"83":{"start":{"line":84,"column":0},"end":{"line":84,"column":20}},"84":{"start":{"line":85,"column":0},"end":{"line":85,"column":5}},"85":{"start":{"line":86,"column":0},"end":{"line":86,"column":3}},"87":{"start":{"line":88,"column":0},"end":{"line":88,"column":10}},"88":{"start":{"line":89,"column":0},"end":{"line":89,"column":11}},"89":{"start":{"line":90,"column":0},"end":{"line":90,"column":27}},"90":{"start":{"line":91,"column":0},"end":{"line":91,"column":25}},"91":{"start":{"line":92,"column":0},"end":{"line":92,"column":28}},"92":{"start":{"line":93,"column":0},"end":{"line":93,"column":139}},"93":{"start":{"line":94,"column":0},"end":{"line":94,"column":23}},"95":{"start":{"line":96,"column":0},"end":{"line":96,"column":13}},"96":{"start":{"line":97,"column":0},"end":{"line":97,"column":13}},"98":{"start":{"line":99,"column":0},"end":{"line":99,"column":1}}},"s":{"0":1,"18":1327,"19":1327,"20":1327,"21":75,"22":1327,"23":74,"24":1327,"25":74,"26":1327,"27":73,"28":1327,"29":73,"30":1327,"31":73,"32":1327,"33":74,"34":1327,"35":73,"36":1327,"37":738,"38":1327,"39":1327,"44":1327,"45":1327,"46":1327,"47":811,"48":1327,"49":293,"50":1327,"51":223,"52":1327,"53":0,"54":1327,"55":1327,"70":1327,"71":1327,"72":1327,"73":1327,"74":1327,"75":1327,"76":1327,"77":1327,"78":1327,"79":1327,"81":1327,"82":49,"83":49,"84":49,"85":49,"87":1327,"88":1327,"89":1327,"90":1327,"91":1327,"92":1327,"93":1327,"95":1327,"96":1327,"98":1327},"branchMap":{"0":{"type":"branch","line":19,"loc":{"start":{"line":19,"column":0},"end":{"line":40,"column":1}},"locations":[{"start":{"line":19,"column":0},"end":{"line":40,"column":1}}]},"1":{"type":"branch","line":21,"loc":{"start":{"line":21,"column":4},"end":{"line":22,"column":24}},"locations":[{"start":{"line":21,"column":4},"end":{"line":22,"column":24}}]},"2":{"type":"branch","line":23,"loc":{"start":{"line":23,"column":4},"end":{"line":24,"column":20}},"locations":[{"start":{"line":23,"column":4},"end":{"line":24,"column":20}}]},"3":{"type":"branch","line":25,"loc":{"start":{"line":25,"column":4},"end":{"line":26,"column":21}},"locations":[{"start":{"line":25,"column":4},"end":{"line":26,"column":21}}]},"4":{"type":"branch","line":27,"loc":{"start":{"line":27,"column":4},"end":{"line":28,"column":21}},"locations":[{"start":{"line":27,"column":4},"end":{"line":28,"column":21}}]},"5":{"type":"branch","line":29,"loc":{"start":{"line":29,"column":4},"end":{"line":30,"column":23}},"locations":[{"start":{"line":29,"column":4},"end":{"line":30,"column":23}}]},"6":{"type":"branch","line":31,"loc":{"start":{"line":31,"column":4},"end":{"line":32,"column":23}},"locations":[{"start":{"line":31,"column":4},"end":{"line":32,"column":23}}]},"7":{"type":"branch","line":33,"loc":{"start":{"line":33,"column":4},"end":{"line":34,"column":18}},"locations":[{"start":{"line":33,"column":4},"end":{"line":34,"column":18}}]},"8":{"type":"branch","line":35,"loc":{"start":{"line":35,"column":4},"end":{"line":36,"column":28}},"locations":[{"start":{"line":35,"column":4},"end":{"line":36,"column":28}}]},"9":{"type":"branch","line":37,"loc":{"start":{"line":37,"column":4},"end":{"line":38,"column":18}},"locations":[{"start":{"line":37,"column":4},"end":{"line":38,"column":18}}]},"10":{"type":"branch","line":45,"loc":{"start":{"line":45,"column":0},"end":{"line":56,"column":1}},"locations":[{"start":{"line":45,"column":0},"end":{"line":56,"column":1}}]},"11":{"type":"branch","line":47,"loc":{"start":{"line":47,"column":4},"end":{"line":48,"column":58}},"locations":[{"start":{"line":47,"column":4},"end":{"line":48,"column":58}}]},"12":{"type":"branch","line":49,"loc":{"start":{"line":49,"column":4},"end":{"line":50,"column":59}},"locations":[{"start":{"line":49,"column":4},"end":{"line":50,"column":59}}]},"13":{"type":"branch","line":51,"loc":{"start":{"line":51,"column":4},"end":{"line":52,"column":55}},"locations":[{"start":{"line":51,"column":4},"end":{"line":52,"column":55}}]},"14":{"type":"branch","line":53,"loc":{"start":{"line":53,"column":4},"end":{"line":54,"column":58}},"locations":[{"start":{"line":53,"column":4},"end":{"line":54,"column":58}}]},"15":{"type":"branch","line":71,"loc":{"start":{"line":71,"column":0},"end":{"line":99,"column":1}},"locations":[{"start":{"line":71,"column":0},"end":{"line":99,"column":1}}]},"16":{"type":"branch","line":80,"loc":{"start":{"line":80,"column":27},"end":{"line":80,"column":52}},"locations":[{"start":{"line":80,"column":27},"end":{"line":80,"column":52}}]},"17":{"type":"branch","line":80,"loc":{"start":{"line":80,"column":47},"end":{"line":80,"column":54}},"locations":[{"start":{"line":80,"column":47},"end":{"line":80,"column":54}}]},"18":{"type":"branch","line":82,"loc":{"start":{"line":82,"column":22},"end":{"line":86,"column":3}},"locations":[{"start":{"line":82,"column":22},"end":{"line":86,"column":3}}]}},"b":{"0":[1327],"1":[75],"2":[74],"3":[74],"4":[73],"5":[73],"6":[73],"7":[74],"8":[73],"9":[738],"10":[1327],"11":[811],"12":[293],"13":[223],"14":[0],"15":[1327],"16":[74],"17":[1253],"18":[49]},"fnMap":{"0":{"name":"getAriaLabel","decl":{"start":{"line":19,"column":0},"end":{"line":40,"column":1}},"loc":{"start":{"line":19,"column":0},"end":{"line":40,"column":1}},"line":19},"1":{"name":"getVariantClasses","decl":{"start":{"line":45,"column":0},"end":{"line":56,"column":1}},"loc":{"start":{"line":45,"column":0},"end":{"line":56,"column":1}},"line":45},"2":{"name":"KeypadButton","decl":{"start":{"line":71,"column":0},"end":{"line":99,"column":1}},"loc":{"start":{"line":71,"column":0},"end":{"line":99,"column":1}},"line":71},"3":{"name":"handleClick","decl":{"start":{"line":82,"column":22},"end":{"line":86,"column":3}},"loc":{"start":{"line":82,"column":22},"end":{"line":86,"column":3}},"line":82}},"f":{"0":1327,"1":1327,"2":1327,"3":49}}
,"/Users/innojini/Dev/calc.man/src/components/layout/Layout.tsx": {"path":"/Users/innojini/Dev/calc.man/src/components/layout/Layout.tsx","all":false,"statementMap":{"19":{"start":{"line":20,"column":0},"end":{"line":20,"column":59}},"20":{"start":{"line":21,"column":0},"end":{"line":21,"column":10}},"21":{"start":{"line":22,"column":0},"end":{"line":22,"column":79}},"22":{"start":{"line":23,"column":0},"end":{"line":23,"column":74}},"23":{"start":{"line":24,"column":0},"end":{"line":24,"column":10}},"25":{"start":{"line":26,"column":0},"end":{"line":26,"column":1}}},"s":{"19":5,"20":5,"21":5,"22":5,"23":5,"25":5},"branchMap":{"0":{"type":"branch","line":20,"loc":{"start":{"line":20,"column":0},"end":{"line":26,"column":1}},"locations":[{"start":{"line":20,"column":0},"end":{"line":26,"column":1}}]}},"b":{"0":[5]},"fnMap":{"0":{"name":"Layout","decl":{"start":{"line":20,"column":0},"end":{"line":26,"column":1}},"loc":{"start":{"line":20,"column":0},"end":{"line":26,"column":1}},"line":20}},"f":{"0":5}}
,"/Users/innojini/Dev/calc.man/src/components/ui/button.tsx": {"path":"/Users/innojini/Dev/calc.man/src/components/ui/button.tsx","all":false,"statementMap":{"0":{"start":{"line":1,"column":0},"end":{"line":1,"column":30}},"1":{"start":{"line":2,"column":0},"end":{"line":2,"column":43}},"2":{"start":{"line":3,"column":0},"end":{"line":3,"column":65}},"4":{"start":{"line":5,"column":0},"end":{"line":5,"column":32}},"6":{"start":{"line":7,"column":0},"end":{"line":7,"column":27}},"7":{"start":{"line":8,"column":0},"end":{"line":8,"column":298}},"8":{"start":{"line":9,"column":0},"end":{"line":9,"column":3}},"9":{"start":{"line":10,"column":0},"end":{"line":10,"column":15}},"10":{"start":{"line":11,"column":0},"end":{"line":11,"column":16}},"11":{"start":{"line":12,"column":0},"end":{"line":12,"column":16}},"12":{"start":{"line":13,"column":0},"end":{"line":13,"column":74}},"13":{"start":{"line":14,"column":0},"end":{"line":14,"column":20}},"14":{"start":{"line":15,"column":0},"end":{"line":15,"column":89}},"15":{"start":{"line":16,"column":0},"end":{"line":16,"column":16}},"16":{"start":{"line":17,"column":0},"end":{"line":17,"column":101}},"17":{"start":{"line":18,"column":0},"end":{"line":18,"column":18}},"18":{"start":{"line":19,"column":0},"end":{"line":19,"column":83}},"19":{"start":{"line":20,"column":0},"end":{"line":20,"column":62}},"20":{"start":{"line":21,"column":0},"end":{"line":21,"column":64}},"21":{"start":{"line":22,"column":0},"end":{"line":22,"column":8}},"22":{"start":{"line":23,"column":0},"end":{"line":23,"column":13}},"23":{"start":{"line":24,"column":0},"end":{"line":24,"column":33}},"24":{"start":{"line":25,"column":0},"end":{"line":25,"column":42}},"25":{"start":{"line":26,"column":0},"end":{"line":26,"column":35}},"26":{"start":{"line":27,"column":0},"end":{"line":27,"column":24}},"27":{"start":{"line":28,"column":0},"end":{"line":28,"column":8}},"28":{"start":{"line":29,"column":0},"end":{"line":29,"column":6}},"29":{"start":{"line":30,"column":0},"end":{"line":30,"column":22}},"30":{"start":{"line":31,"column":0},"end":{"line":31,"column":25}},"31":{"start":{"line":32,"column":0},"end":{"line":32,"column":22}},"32":{"start":{"line":33,"column":0},"end":{"line":33,"column":6}},"33":{"start":{"line":34,"column":0},"end":{"line":34,"column":3}},"34":{"start":{"line":35,"column":0},"end":{"line":35,"column":1}},"42":{"start":{"line":43,"column":0},"end":{"line":43,"column":64}},"43":{"start":{"line":44,"column":0},"end":{"line":44,"column":69}},"44":{"start":{"line":45,"column":0},"end":{"line":45,"column":42}},"45":{"start":{"line":46,"column":0},"end":{"line":46,"column":12}},"46":{"start":{"line":47,"column":0},"end":{"line":47,"column":11}},"47":{"start":{"line":48,"column":0},"end":{"line":48,"column":68}},"48":{"start":{"line":49,"column":0},"end":{"line":49,"column":17}},"49":{"start":{"line":50,"column":0},"end":{"line":50,"column":18}},"50":{"start":{"line":51,"column":0},"end":{"line":51,"column":8}},"52":{"start":{"line":53,"column":0},"end":{"line":53,"column":3}},"53":{"start":{"line":54,"column":0},"end":{"line":54,"column":1}},"54":{"start":{"line":55,"column":0},"end":{"line":55,"column":29}}},"s":{"0":1,"1":1,"2":1,"4":1,"6":1,"7":1,"8":1,"9":1,"10":1,"11":1,"12":1,"13":1,"14":1,"15":1,"16":1,"17":1,"18":1,"19":1,"20":1,"21":1,"22":1,"23":1,"24":1,"25":1,"26":1,"27":1,"28":1,"29":1,"30":1,"31":1,"32":1,"33":1,"34":1,"42":1,"43":1,"44":1327,"45":1327,"46":1327,"47":1327,"48":1327,"49":1327,"50":1327,"52":1327,"53":1,"54":1},"branchMap":{"0":{"type":"branch","line":44,"loc":{"start":{"line":44,"column":2},"end":{"line":53,"column":3}},"locations":[{"start":{"line":44,"column":2},"end":{"line":53,"column":3}}]},"1":{"type":"branch","line":45,"loc":{"start":{"line":45,"column":17},"end":{"line":45,"column":34}},"locations":[{"start":{"line":45,"column":17},"end":{"line":45,"column":34}}]}},"b":{"0":[1327],"1":[0]},"fnMap":{},"f":{}}
,"/Users/innojini/Dev/calc.man/src/components/ui/card.tsx": {"path":"/Users/innojini/Dev/calc.man/src/components/ui/card.tsx","all":false,"statementMap":{"0":{"start":{"line":1,"column":0},"end":{"line":1,"column":30}},"2":{"start":{"line":3,"column":0},"end":{"line":3,"column":32}},"4":{"start":{"line":5,"column":0},"end":{"line":5,"column":30}},"7":{"start":{"line":8,"column":0},"end":{"line":8,"column":37}},"8":{"start":{"line":9,"column":0},"end":{"line":9,"column":6}},"9":{"start":{"line":10,"column":0},"end":{"line":10,"column":13}},"10":{"start":{"line":11,"column":0},"end":{"line":11,"column":18}},"11":{"start":{"line":12,"column":0},"end":{"line":12,"column":62}},"12":{"start":{"line":13,"column":0},"end":{"line":13,"column":15}},"13":{"start":{"line":14,"column":0},"end":{"line":14,"column":6}},"14":{"start":{"line":15,"column":0},"end":{"line":15,"column":14}},"15":{"start":{"line":16,"column":0},"end":{"line":16,"column":4}},"16":{"start":{"line":17,"column":0},"end":{"line":17,"column":2}},"17":{"start":{"line":18,"column":0},"end":{"line":18,"column":25}},"19":{"start":{"line":20,"column":0},"end":{"line":20,"column":36}},"22":{"start":{"line":23,"column":0},"end":{"line":23,"column":37}},"23":{"start":{"line":24,"column":0},"end":{"line":24,"column":6}},"24":{"start":{"line":25,"column":0},"end":{"line":25,"column":13}},"25":{"start":{"line":26,"column":0},"end":{"line":26,"column":62}},"26":{"start":{"line":27,"column":0},"end":{"line":27,"column":14}},"27":{"start":{"line":28,"column":0},"end":{"line":28,"column":4}},"28":{"start":{"line":29,"column":0},"end":{"line":29,"column":2}},"29":{"start":{"line":30,"column":0},"end":{"line":30,"column":37}},"31":{"start":{"line":32,"column":0},"end":{"line":32,"column":35}},"34":{"start":{"line":35,"column":0},"end":{"line":35,"column":37}},"35":{"start":{"line":36,"column":0},"end":{"line":36,"column":6}},"36":{"start":{"line":37,"column":0},"end":{"line":37,"column":13}},"37":{"start":{"line":38,"column":0},"end":{"line":38,"column":74}},"38":{"start":{"line":39,"column":0},"end":{"line":39,"column":14}},"39":{"start":{"line":40,"column":0},"end":{"line":40,"column":4}},"40":{"start":{"line":41,"column":0},"end":{"line":41,"column":2}},"41":{"start":{"line":42,"column":0},"end":{"line":42,"column":35}},"43":{"start":{"line":44,"column":0},"end":{"line":44,"column":41}},"46":{"start":{"line":47,"column":0},"end":{"line":47,"column":37}},"47":{"start":{"line":48,"column":0},"end":{"line":48,"column":6}},"48":{"start":{"line":49,"column":0},"end":{"line":49,"column":13}},"49":{"start":{"line":50,"column":0},"end":{"line":50,"column":62}},"50":{"start":{"line":51,"column":0},"end":{"line":51,"column":14}},"51":{"start":{"line":52,"column":0},"end":{"line":52,"column":4}},"52":{"start":{"line":53,"column":0},"end":{"line":53,"column":2}},"53":{"start":{"line":54,"column":0},"end":{"line":54,"column":47}},"55":{"start":{"line":56,"column":0},"end":{"line":56,"column":37}},"58":{"start":{"line":59,"column":0},"end":{"line":59,"column":37}},"59":{"start":{"line":60,"column":0},"end":{"line":60,"column":68}},"60":{"start":{"line":61,"column":0},"end":{"line":61,"column":2}},"61":{"start":{"line":62,"column":0},"end":{"line":62,"column":39}},"63":{"start":{"line":64,"column":0},"end":{"line":64,"column":36}},"66":{"start":{"line":67,"column":0},"end":{"line":67,"column":37}},"67":{"start":{"line":68,"column":0},"end":{"line":68,"column":6}},"68":{"start":{"line":69,"column":0},"end":{"line":69,"column":13}},"69":{"start":{"line":70,"column":0},"end":{"line":70,"column":59}},"70":{"start":{"line":71,"column":0},"end":{"line":71,"column":14}},"71":{"start":{"line":72,"column":0},"end":{"line":72,"column":4}},"72":{"start":{"line":73,"column":0},"end":{"line":73,"column":2}},"73":{"start":{"line":74,"column":0},"end":{"line":74,"column":37}}},"s":{"0":1,"2":1,"4":1,"7":1,"8":58,"9":58,"10":58,"11":58,"12":58,"13":58,"14":58,"15":58,"16":58,"17":1,"19":1,"22":1,"23":0,"24":0,"25":0,"26":0,"27":0,"28":0,"29":1,"31":1,"34":1,"35":0,"36":0,"37":0,"38":0,"39":0,"40":0,"41":1,"43":1,"46":1,"47":0,"48":0,"49":0,"50":0,"51":0,"52":0,"53":1,"55":1,"58":1,"59":0,"60":1,"61":1,"63":1,"66":1,"67":0,"68":0,"69":0,"70":0,"71":0,"72":0,"73":1},"branchMap":{"0":{"type":"branch","line":8,"loc":{"start":{"line":8,"column":2},"end":{"line":17,"column":2}},"locations":[{"start":{"line":8,"column":2},"end":{"line":17,"column":2}}]}},"b":{"0":[58]},"fnMap":{},"f":{}}
,"/Users/innojini/Dev/calc.man/src/hooks/useClipboard.ts": {"path":"/Users/innojini/Dev/calc.man/src/hooks/useClipboard.ts","all":false,"statementMap":{"9":{"start":{"line":10,"column":0},"end":{"line":10,"column":45}},"14":{"start":{"line":15,"column":0},"end":{"line":15,"column":32}},"15":{"start":{"line":16,"column":0},"end":{"line":16,"column":69}},"22":{"start":{"line":23,"column":0},"end":{"line":23,"column":67}},"23":{"start":{"line":24,"column":0},"end":{"line":24,"column":31}},"24":{"start":{"line":25,"column":0},"end":{"line":25,"column":50}},"25":{"start":{"line":26,"column":0},"end":{"line":26,"column":52}},"26":{"start":{"line":27,"column":0},"end":{"line":27,"column":5}},"28":{"start":{"line":29,"column":0},"end":{"line":29,"column":9}},"29":{"start":{"line":30,"column":0},"end":{"line":30,"column":47}},"30":{"start":{"line":31,"column":0},"end":{"line":31,"column":26}},"33":{"start":{"line":34,"column":0},"end":{"line":34,"column":24}},"34":{"start":{"line":35,"column":0},"end":{"line":35,"column":28}},"35":{"start":{"line":36,"column":0},"end":{"line":36,"column":14}},"36":{"start":{"line":37,"column":0},"end":{"line":37,"column":21}},"37":{"start":{"line":38,"column":0},"end":{"line":38,"column":45}},"38":{"start":{"line":39,"column":0},"end":{"line":39,"column":17}},"39":{"start":{"line":40,"column":0},"end":{"line":40,"column":5}},"40":{"start":{"line":41,"column":0},"end":{"line":41,"column":8}},"48":{"start":{"line":49,"column":0},"end":{"line":49,"column":65}},"49":{"start":{"line":50,"column":0},"end":{"line":50,"column":31}},"50":{"start":{"line":51,"column":0},"end":{"line":51,"column":50}},"51":{"start":{"line":52,"column":0},"end":{"line":52,"column":52}},"52":{"start":{"line":53,"column":0},"end":{"line":53,"column":5}},"54":{"start":{"line":55,"column":0},"end":{"line":55,"column":9}},"55":{"start":{"line":56,"column":0},"end":{"line":56,"column":55}},"58":{"start":{"line":59,"column":0},"end":{"line":59,"column":41}},"60":{"start":{"line":61,"column":0},"end":{"line":61,"column":36}},"61":{"start":{"line":62,"column":0},"end":{"line":62,"column":19}},"62":{"start":{"line":63,"column":0},"end":{"line":63,"column":7}},"64":{"start":{"line":65,"column":0},"end":{"line":65,"column":17}},"65":{"start":{"line":66,"column":0},"end":{"line":66,"column":21}},"66":{"start":{"line":67,"column":0},"end":{"line":67,"column":46}},"67":{"start":{"line":68,"column":0},"end":{"line":68,"column":17}},"68":{"start":{"line":69,"column":0},"end":{"line":69,"column":5}},"69":{"start":{"line":70,"column":0},"end":{"line":70,"column":8}},"71":{"start":{"line":72,"column":0},"end":{"line":72,"column":10}},"72":{"start":{"line":73,"column":0},"end":{"line":73,"column":9}},"73":{"start":{"line":74,"column":0},"end":{"line":74,"column":10}},"74":{"start":{"line":75,"column":0},"end":{"line":75,"column":16}},"75":{"start":{"line":76,"column":0},"end":{"line":76,"column":3}},"76":{"start":{"line":77,"column":0},"end":{"line":77,"column":1}}},"s":{"9":1,"14":1,"15":70,"22":70,"23":4,"24":1,"25":1,"26":1,"28":3,"29":3,"30":2,"33":2,"34":1,"35":2,"36":4,"37":1,"38":1,"39":1,"40":70,"48":70,"49":5,"50":0,"51":0,"52":0,"54":5,"55":5,"58":4,"60":5,"61":1,"62":1,"64":3,"65":5,"66":1,"67":1,"68":1,"69":70,"71":70,"72":70,"73":70,"74":70,"75":70,"76":70},"branchMap":{"0":{"type":"branch","line":15,"loc":{"start":{"line":15,"column":7},"end":{"line":77,"column":1}},"locations":[{"start":{"line":15,"column":7},"end":{"line":77,"column":1}}]},"1":{"type":"branch","line":23,"loc":{"start":{"line":23,"column":27},"end":{"line":41,"column":5}},"locations":[{"start":{"line":23,"column":27},"end":{"line":41,"column":5}}]},"2":{"type":"branch","line":24,"loc":{"start":{"line":24,"column":30},"end":{"line":27,"column":5}},"locations":[{"start":{"line":24,"column":30},"end":{"line":27,"column":5}}]},"3":{"type":"branch","line":27,"loc":{"start":{"line":27,"column":4},"end":{"line":30,"column":47}},"locations":[{"start":{"line":27,"column":4},"end":{"line":30,"column":47}}]},"4":{"type":"branch","line":30,"loc":{"start":{"line":30,"column":46},"end":{"line":37,"column":13}},"locations":[{"start":{"line":30,"column":46},"end":{"line":37,"column":13}}]},"5":{"type":"branch","line":37,"loc":{"start":{"line":37,"column":4},"end":{"line":40,"column":5}},"locations":[{"start":{"line":37,"column":4},"end":{"line":40,"column":5}}]},"6":{"type":"branch","line":34,"loc":{"start":{"line":34,"column":17},"end":{"line":36,"column":9}},"locations":[{"start":{"line":34,"column":17},"end":{"line":36,"column":9}}]},"7":{"type":"branch","line":49,"loc":{"start":{"line":49,"column":28},"end":{"line":70,"column":5}},"locations":[{"start":{"line":49,"column":28},"end":{"line":70,"column":5}}]},"8":{"type":"branch","line":50,"loc":{"start":{"line":50,"column":30},"end":{"line":53,"column":5}},"locations":[{"start":{"line":50,"column":30},"end":{"line":53,"column":5}}]},"9":{"type":"branch","line":56,"loc":{"start":{"line":56,"column":54},"end":{"line":61,"column":35}},"locations":[{"start":{"line":56,"column":54},"end":{"line":61,"column":35}}]},"10":{"type":"branch","line":61,"loc":{"start":{"line":61,"column":35},"end":{"line":63,"column":7}},"locations":[{"start":{"line":61,"column":35},"end":{"line":63,"column":7}}]},"11":{"type":"branch","line":63,"loc":{"start":{"line":63,"column":6},"end":{"line":66,"column":13}},"locations":[{"start":{"line":63,"column":6},"end":{"line":66,"column":13}}]},"12":{"type":"branch","line":66,"loc":{"start":{"line":66,"column":4},"end":{"line":69,"column":5}},"locations":[{"start":{"line":66,"column":4},"end":{"line":69,"column":5}}]}},"b":{"0":[70],"1":[4],"2":[1],"3":[3],"4":[2],"5":[1],"6":[1],"7":[5],"8":[0],"9":[4],"10":[1],"11":[3],"12":[1]},"fnMap":{"0":{"name":"useClipboard","decl":{"start":{"line":15,"column":7},"end":{"line":77,"column":1}},"loc":{"start":{"line":15,"column":7},"end":{"line":77,"column":1}},"line":15}},"f":{"0":70}}
,"/Users/innojini/Dev/calc.man/src/hooks/useHistory.ts": {"path":"/Users/innojini/Dev/calc.man/src/hooks/useHistory.ts","all":false,"statementMap":{"9":{"start":{"line":10,"column":0},"end":{"line":10,"column":56}},"11":{"start":{"line":12,"column":0},"end":{"line":12,"column":48}},"16":{"start":{"line":17,"column":0},"end":{"line":17,"column":30}},"17":{"start":{"line":18,"column":0},"end":{"line":18,"column":55}},"18":{"start":{"line":19,"column":0},"end":{"line":19,"column":50}},"19":{"start":{"line":20,"column":0},"end":{"line":20,"column":57}},"24":{"start":{"line":25,"column":0},"end":{"line":25,"column":19}},"25":{"start":{"line":26,"column":0},"end":{"line":26,"column":24}},"27":{"start":{"line":28,"column":0},"end":{"line":28,"column":38}},"28":{"start":{"line":29,"column":0},"end":{"line":29,"column":11}},"29":{"start":{"line":30,"column":0},"end":{"line":30,"column":38}},"30":{"start":{"line":31,"column":0},"end":{"line":31,"column":23}},"32":{"start":{"line":33,"column":0},"end":{"line":33,"column":24}},"34":{"start":{"line":35,"column":0},"end":{"line":35,"column":55}},"35":{"start":{"line":36,"column":0},"end":{"line":36,"column":27}},"36":{"start":{"line":37,"column":0},"end":{"line":37,"column":29}},"37":{"start":{"line":38,"column":0},"end":{"line":38,"column":9}},"38":{"start":{"line":39,"column":0},"end":{"line":39,"column":21}},"39":{"start":{"line":40,"column":0},"end":{"line":40,"column":24}},"40":{"start":{"line":41,"column":0},"end":{"line":41,"column":89}},"41":{"start":{"line":42,"column":0},"end":{"line":42,"column":29}},"42":{"start":{"line":43,"column":0},"end":{"line":43,"column":9}},"43":{"start":{"line":44,"column":0},"end":{"line":44,"column":7}},"44":{"start":{"line":45,"column":0},"end":{"line":45,"column":5}},"46":{"start":{"line":47,"column":0},"end":{"line":47,"column":18}},"48":{"start":{"line":49,"column":0},"end":{"line":49,"column":18}},"49":{"start":{"line":50,"column":0},"end":{"line":50,"column":23}},"50":{"start":{"line":51,"column":0},"end":{"line":51,"column":5}},"51":{"start":{"line":52,"column":0},"end":{"line":52,"column":8}},"58":{"start":{"line":59,"column":0},"end":{"line":59,"column":85}},"59":{"start":{"line":60,"column":0},"end":{"line":60,"column":9}},"60":{"start":{"line":61,"column":0},"end":{"line":61,"column":36}},"61":{"start":{"line":62,"column":0},"end":{"line":62,"column":50}},"64":{"start":{"line":65,"column":0},"end":{"line":65,"column":51}},"65":{"start":{"line":66,"column":0},"end":{"line":66,"column":23}},"66":{"start":{"line":67,"column":0},"end":{"line":67,"column":19}},"67":{"start":{"line":68,"column":0},"end":{"line":68,"column":55}},"68":{"start":{"line":69,"column":0},"end":{"line":69,"column":15}},"69":{"start":{"line":70,"column":0},"end":{"line":70,"column":5}},"70":{"start":{"line":71,"column":0},"end":{"line":71,"column":8}},"77":{"start":{"line":78,"column":0},"end":{"line":78,"column":65}},"79":{"start":{"line":80,"column":0},"end":{"line":80,"column":15}},"80":{"start":{"line":81,"column":0},"end":{"line":81,"column":8}},"85":{"start":{"line":86,"column":0},"end":{"line":86,"column":63}},"86":{"start":{"line":87,"column":0},"end":{"line":87,"column":9}},"87":{"start":{"line":88,"column":0},"end":{"line":88,"column":36}},"88":{"start":{"line":89,"column":0},"end":{"line":89,"column":36}},"91":{"start":{"line":92,"column":0},"end":{"line":92,"column":51}},"92":{"start":{"line":93,"column":0},"end":{"line":93,"column":23}},"93":{"start":{"line":94,"column":0},"end":{"line":94,"column":19}},"94":{"start":{"line":95,"column":0},"end":{"line":95,"column":58}},"95":{"start":{"line":96,"column":0},"end":{"line":96,"column":15}},"96":{"start":{"line":97,"column":0},"end":{"line":97,"column":5}},"97":{"start":{"line":98,"column":0},"end":{"line":98,"column":8}},"102":{"start":{"line":103,"column":0},"end":{"line":103,"column":48}},"103":{"start":{"line":104,"column":0},"end":{"line":104,"column":9}},"104":{"start":{"line":105,"column":0},"end":{"line":105,"column":36}},"105":{"start":{"line":106,"column":0},"end":{"line":106,"column":29}},"108":{"start":{"line":109,"column":0},"end":{"line":109,"column":18}},"109":{"start":{"line":110,"column":0},"end":{"line":110,"column":19}},"110":{"start":{"line":111,"column":0},"end":{"line":111,"column":52}},"111":{"start":{"line":112,"column":0},"end":{"line":112,"column":15}},"112":{"start":{"line":113,"column":0},"end":{"line":113,"column":5}},"113":{"start":{"line":114,"column":0},"end":{"line":114,"column":8}},"115":{"start":{"line":116,"column":0},"end":{"line":116,"column":10}},"116":{"start":{"line":117,"column":0},"end":{"line":117,"column":10}},"117":{"start":{"line":118,"column":0},"end":{"line":118,"column":14}},"118":{"start":{"line":119,"column":0},"end":{"line":119,"column":10}},"119":{"start":{"line":120,"column":0},"end":{"line":120,"column":20}},"120":{"start":{"line":121,"column":0},"end":{"line":121,"column":23}},"121":{"start":{"line":122,"column":0},"end":{"line":122,"column":22}},"122":{"start":{"line":123,"column":0},"end":{"line":123,"column":17}},"123":{"start":{"line":124,"column":0},"end":{"line":124,"column":3}},"124":{"start":{"line":125,"column":0},"end":{"line":125,"column":1}}},"s":{"9":1,"11":1,"16":1,"17":80,"18":80,"19":80,"24":80,"25":26,"27":26,"28":26,"29":26,"30":26,"32":25,"34":25,"35":25,"36":25,"37":25,"38":26,"39":1,"40":1,"41":1,"42":1,"43":1,"44":26,"46":26,"48":26,"49":26,"50":26,"51":80,"58":80,"59":2,"60":2,"61":2,"64":2,"65":2,"66":2,"67":0,"68":0,"69":0,"70":80,"77":80,"79":1,"80":80,"85":80,"86":1,"87":1,"88":1,"91":1,"92":1,"93":1,"94":0,"95":0,"96":0,"97":80,"102":80,"103":1,"104":1,"105":1,"108":1,"109":1,"110":0,"111":0,"112":0,"113":80,"115":80,"116":80,"117":80,"118":80,"119":80,"120":80,"121":80,"122":80,"123":80,"124":80},"branchMap":{"0":{"type":"branch","line":17,"loc":{"start":{"line":17,"column":7},"end":{"line":125,"column":1}},"locations":[{"start":{"line":17,"column":7},"end":{"line":125,"column":1}}]},"1":{"type":"branch","line":25,"loc":{"start":{"line":25,"column":12},"end":{"line":52,"column":5}},"locations":[{"start":{"line":25,"column":12},"end":{"line":52,"column":5}}]},"2":{"type":"branch","line":28,"loc":{"start":{"line":28,"column":25},"end":{"line":45,"column":5}},"locations":[{"start":{"line":28,"column":25},"end":{"line":45,"column":5}}]},"3":{"type":"branch","line":31,"loc":{"start":{"line":31,"column":22},"end":{"line":38,"column":9}},"locations":[{"start":{"line":31,"column":22},"end":{"line":38,"column":9}}]},"4":{"type":"branch","line":39,"loc":{"start":{"line":39,"column":6},"end":{"line":44,"column":7}},"locations":[{"start":{"line":39,"column":6},"end":{"line":44,"column":7}}]},"5":{"type":"branch","line":41,"loc":{"start":{"line":41,"column":46},"end":{"line":41,"column":88}},"locations":[{"start":{"line":41,"column":46},"end":{"line":41,"column":88}}]},"6":{"type":"branch","line":49,"loc":{"start":{"line":49,"column":11},"end":{"line":51,"column":5}},"locations":[{"start":{"line":49,"column":11},"end":{"line":51,"column":5}}]},"7":{"type":"branch","line":59,"loc":{"start":{"line":59,"column":38},"end":{"line":71,"column":5}},"locations":[{"start":{"line":59,"column":38},"end":{"line":71,"column":5}}]},"8":{"type":"branch","line":67,"loc":{"start":{"line":67,"column":4},"end":{"line":70,"column":5}},"locations":[{"start":{"line":67,"column":4},"end":{"line":70,"column":5}}]},"9":{"type":"branch","line":78,"loc":{"start":{"line":78,"column":41},"end":{"line":81,"column":5}},"locations":[{"start":{"line":78,"column":41},"end":{"line":81,"column":5}}]},"10":{"type":"branch","line":86,"loc":{"start":{"line":86,"column":40},"end":{"line":98,"column":5}},"locations":[{"start":{"line":86,"column":40},"end":{"line":98,"column":5}}]},"11":{"type":"branch","line":94,"loc":{"start":{"line":94,"column":4},"end":{"line":97,"column":5}},"locations":[{"start":{"line":94,"column":4},"end":{"line":97,"column":5}}]},"12":{"type":"branch","line":103,"loc":{"start":{"line":103,"column":35},"end":{"line":114,"column":5}},"locations":[{"start":{"line":103,"column":35},"end":{"line":114,"column":5}}]},"13":{"type":"branch","line":110,"loc":{"start":{"line":110,"column":4},"end":{"line":113,"column":5}},"locations":[{"start":{"line":110,"column":4},"end":{"line":113,"column":5}}]}},"b":{"0":[80],"1":[26],"2":[26],"3":[25],"4":[1],"5":[0],"6":[26],"7":[2],"8":[0],"9":[1],"10":[1],"11":[0],"12":[1],"13":[0]},"fnMap":{"0":{"name":"useHistory","decl":{"start":{"line":17,"column":7},"end":{"line":125,"column":1}},"loc":{"start":{"line":17,"column":7},"end":{"line":125,"column":1}},"line":17},"1":{"name":"initDatabase","decl":{"start":{"line":28,"column":25},"end":{"line":45,"column":5}},"loc":{"start":{"line":28,"column":25},"end":{"line":45,"column":5}},"line":28}},"f":{"0":80,"1":26}}
,"/Users/innojini/Dev/calc.man/src/hooks/useKeyboard.ts": {"path":"/Users/innojini/Dev/calc.man/src/hooks/useKeyboard.ts","all":false,"statementMap":{"10":{"start":{"line":11,"column":0},"end":{"line":11,"column":46}},"19":{"start":{"line":20,"column":0},"end":{"line":20,"column":28}},"20":{"start":{"line":21,"column":0},"end":{"line":21,"column":35}},"21":{"start":{"line":22,"column":0},"end":{"line":22,"column":22}},"22":{"start":{"line":23,"column":0},"end":{"line":23,"column":22}},"23":{"start":{"line":24,"column":0},"end":{"line":24,"column":3}},"27":{"start":{"line":28,"column":0},"end":{"line":28,"column":36}},"28":{"start":{"line":29,"column":0},"end":{"line":29,"column":31}},"30":{"start":{"line":31,"column":0},"end":{"line":31,"column":34}},"31":{"start":{"line":32,"column":0},"end":{"line":32,"column":30}},"32":{"start":{"line":33,"column":0},"end":{"line":33,"column":20}},"33":{"start":{"line":34,"column":0},"end":{"line":34,"column":14}},"34":{"start":{"line":35,"column":0},"end":{"line":35,"column":7}},"37":{"start":{"line":38,"column":0},"end":{"line":38,"column":35}},"38":{"start":{"line":39,"column":0},"end":{"line":39,"column":30}},"39":{"start":{"line":40,"column":0},"end":{"line":40,"column":21}},"40":{"start":{"line":41,"column":0},"end":{"line":41,"column":14}},"41":{"start":{"line":42,"column":0},"end":{"line":42,"column":7}},"44":{"start":{"line":45,"column":0},"end":{"line":45,"column":38}},"45":{"start":{"line":46,"column":0},"end":{"line":46,"column":30}},"46":{"start":{"line":47,"column":0},"end":{"line":47,"column":26}},"47":{"start":{"line":48,"column":0},"end":{"line":48,"column":14}},"48":{"start":{"line":49,"column":0},"end":{"line":49,"column":7}},"51":{"start":{"line":52,"column":0},"end":{"line":52,"column":30}},"52":{"start":{"line":53,"column":0},"end":{"line":53,"column":30}},"53":{"start":{"line":54,"column":0},"end":{"line":54,"column":20}},"54":{"start":{"line":55,"column":0},"end":{"line":55,"column":14}},"55":{"start":{"line":56,"column":0},"end":{"line":56,"column":7}},"57":{"start":{"line":58,"column":0},"end":{"line":58,"column":30}},"58":{"start":{"line":59,"column":0},"end":{"line":59,"column":30}},"59":{"start":{"line":60,"column":0},"end":{"line":60,"column":20}},"60":{"start":{"line":61,"column":0},"end":{"line":61,"column":14}},"61":{"start":{"line":62,"column":0},"end":{"line":62,"column":7}},"63":{"start":{"line":64,"column":0},"end":{"line":64,"column":30}},"64":{"start":{"line":65,"column":0},"end":{"line":65,"column":30}},"65":{"start":{"line":66,"column":0},"end":{"line":66,"column":20}},"66":{"start":{"line":67,"column":0},"end":{"line":67,"column":14}},"67":{"start":{"line":68,"column":0},"end":{"line":68,"column":7}},"69":{"start":{"line":70,"column":0},"end":{"line":70,"column":30}},"70":{"start":{"line":71,"column":0},"end":{"line":71,"column":30}},"71":{"start":{"line":72,"column":0},"end":{"line":72,"column":20}},"72":{"start":{"line":73,"column":0},"end":{"line":73,"column":14}},"73":{"start":{"line":74,"column":0},"end":{"line":74,"column":7}},"76":{"start":{"line":77,"column":0},"end":{"line":77,"column":30}},"77":{"start":{"line":78,"column":0},"end":{"line":78,"column":30}},"78":{"start":{"line":79,"column":0},"end":{"line":79,"column":20}},"79":{"start":{"line":80,"column":0},"end":{"line":80,"column":14}},"80":{"start":{"line":81,"column":0},"end":{"line":81,"column":7}},"83":{"start":{"line":84,"column":0},"end":{"line":84,"column":38}},"84":{"start":{"line":85,"column":0},"end":{"line":85,"column":30}},"85":{"start":{"line":86,"column":0},"end":{"line":86,"column":22}},"86":{"start":{"line":87,"column":0},"end":{"line":87,"column":14}},"87":{"start":{"line":88,"column":0},"end":{"line":88,"column":7}},"90":{"start":{"line":91,"column":0},"end":{"line":91,"column":66}},"91":{"start":{"line":92,"column":0},"end":{"line":92,"column":21}},"92":{"start":{"line":93,"column":0},"end":{"line":93,"column":32}},"93":{"start":{"line":94,"column":0},"end":{"line":94,"column":18}},"94":{"start":{"line":95,"column":0},"end":{"line":95,"column":9}},"95":{"start":{"line":96,"column":0},"end":{"line":96,"column":14}},"96":{"start":{"line":97,"column":0},"end":{"line":97,"column":7}},"99":{"start":{"line":100,"column":0},"end":{"line":100,"column":66}},"100":{"start":{"line":101,"column":0},"end":{"line":101,"column":22}},"101":{"start":{"line":102,"column":0},"end":{"line":102,"column":32}},"102":{"start":{"line":103,"column":0},"end":{"line":103,"column":19}},"103":{"start":{"line":104,"column":0},"end":{"line":104,"column":9}},"104":{"start":{"line":105,"column":0},"end":{"line":105,"column":14}},"105":{"start":{"line":106,"column":0},"end":{"line":106,"column":7}},"106":{"start":{"line":107,"column":0},"end":{"line":107,"column":6}},"107":{"start":{"line":108,"column":0},"end":{"line":108,"column":30}},"108":{"start":{"line":109,"column":0},"end":{"line":109,"column":3}},"113":{"start":{"line":114,"column":0},"end":{"line":114,"column":19}},"114":{"start":{"line":115,"column":0},"end":{"line":115,"column":53}},"116":{"start":{"line":117,"column":0},"end":{"line":117,"column":18}},"117":{"start":{"line":118,"column":0},"end":{"line":118,"column":58}},"118":{"start":{"line":119,"column":0},"end":{"line":119,"column":5}},"119":{"start":{"line":120,"column":0},"end":{"line":120,"column":21}},"120":{"start":{"line":121,"column":0},"end":{"line":121,"column":1}}},"s":{"10":1,"19":1,"20":72,"21":72,"22":72,"23":72,"27":72,"28":72,"30":22,"31":1,"32":1,"33":1,"34":1,"37":22,"38":1,"39":1,"40":1,"41":1,"44":22,"45":11,"46":11,"47":11,"48":11,"51":22,"52":1,"53":1,"54":1,"55":1,"57":22,"58":1,"59":1,"60":1,"61":1,"63":22,"64":1,"65":1,"66":1,"67":1,"69":22,"70":1,"71":1,"72":1,"73":1,"76":22,"77":1,"78":1,"79":1,"80":1,"83":22,"84":1,"85":1,"86":1,"87":1,"90":22,"91":2,"92":2,"93":2,"94":2,"95":2,"96":2,"99":22,"100":1,"101":1,"102":1,"103":1,"104":1,"105":1,"106":22,"107":72,"108":72,"113":72,"114":72,"116":72,"117":72,"118":72,"119":72,"120":72},"branchMap":{"0":{"type":"branch","line":20,"loc":{"start":{"line":20,"column":7},"end":{"line":121,"column":1}},"locations":[{"start":{"line":20,"column":7},"end":{"line":121,"column":1}}]},"1":{"type":"branch","line":29,"loc":{"start":{"line":29,"column":4},"end":{"line":107,"column":6}},"locations":[{"start":{"line":29,"column":4},"end":{"line":107,"column":6}}]},"2":{"type":"branch","line":31,"loc":{"start":{"line":31,"column":33},"end":{"line":35,"column":7}},"locations":[{"start":{"line":31,"column":33},"end":{"line":35,"column":7}}]},"3":{"type":"branch","line":35,"loc":{"start":{"line":35,"column":6},"end":{"line":38,"column":34}},"locations":[{"start":{"line":35,"column":6},"end":{"line":38,"column":34}}]},"4":{"type":"branch","line":38,"loc":{"start":{"line":38,"column":34},"end":{"line":42,"column":7}},"locations":[{"start":{"line":38,"column":34},"end":{"line":42,"column":7}}]},"5":{"type":"branch","line":42,"loc":{"start":{"line":42,"column":6},"end":{"line":45,"column":37}},"locations":[{"start":{"line":42,"column":6},"end":{"line":45,"column":37}}]},"6":{"type":"branch","line":45,"loc":{"start":{"line":45,"column":37},"end":{"line":49,"column":7}},"locations":[{"start":{"line":45,"column":37},"end":{"line":49,"column":7}}]},"7":{"type":"branch","line":49,"loc":{"start":{"line":49,"column":6},"end":{"line":52,"column":29}},"locations":[{"start":{"line":49,"column":6},"end":{"line":52,"column":29}}]},"8":{"type":"branch","line":52,"loc":{"start":{"line":52,"column":29},"end":{"line":56,"column":7}},"locations":[{"start":{"line":52,"column":29},"end":{"line":56,"column":7}}]},"9":{"type":"branch","line":56,"loc":{"start":{"line":56,"column":6},"end":{"line":58,"column":29}},"locations":[{"start":{"line":56,"column":6},"end":{"line":58,"column":29}}]},"10":{"type":"branch","line":58,"loc":{"start":{"line":58,"column":29},"end":{"line":62,"column":7}},"locations":[{"start":{"line":58,"column":29},"end":{"line":62,"column":7}}]},"11":{"type":"branch","line":62,"loc":{"start":{"line":62,"column":6},"end":{"line":64,"column":29}},"locations":[{"start":{"line":62,"column":6},"end":{"line":64,"column":29}}]},"12":{"type":"branch","line":64,"loc":{"start":{"line":64,"column":29},"end":{"line":68,"column":7}},"locations":[{"start":{"line":64,"column":29},"end":{"line":68,"column":7}}]},"13":{"type":"branch","line":68,"loc":{"start":{"line":68,"column":6},"end":{"line":70,"column":29}},"locations":[{"start":{"line":68,"column":6},"end":{"line":70,"column":29}}]},"14":{"type":"branch","line":70,"loc":{"start":{"line":70,"column":29},"end":{"line":74,"column":7}},"locations":[{"start":{"line":70,"column":29},"end":{"line":74,"column":7}}]},"15":{"type":"branch","line":74,"loc":{"start":{"line":74,"column":6},"end":{"line":77,"column":29}},"locations":[{"start":{"line":74,"column":6},"end":{"line":77,"column":29}}]},"16":{"type":"branch","line":77,"loc":{"start":{"line":77,"column":29},"end":{"line":81,"column":7}},"locations":[{"start":{"line":77,"column":29},"end":{"line":81,"column":7}}]},"17":{"type":"branch","line":81,"loc":{"start":{"line":81,"column":6},"end":{"line":84,"column":37}},"locations":[{"start":{"line":81,"column":6},"end":{"line":84,"column":37}}]},"18":{"type":"branch","line":84,"loc":{"start":{"line":84,"column":37},"end":{"line":88,"column":7}},"locations":[{"start":{"line":84,"column":37},"end":{"line":88,"column":7}}]},"19":{"type":"branch","line":88,"loc":{"start":{"line":88,"column":6},"end":{"line":91,"column":28}},"locations":[{"start":{"line":88,"column":6},"end":{"line":91,"column":28}}]},"20":{"type":"branch","line":91,"loc":{"start":{"line":91,"column":17},"end":{"line":91,"column":46}},"locations":[{"start":{"line":91,"column":17},"end":{"line":91,"column":46}}]},"21":{"type":"branch","line":91,"loc":{"start":{"line":91,"column":34},"end":{"line":91,"column":65}},"locations":[{"start":{"line":91,"column":34},"end":{"line":91,"column":65}}]},"22":{"type":"branch","line":91,"loc":{"start":{"line":91,"column":65},"end":{"line":97,"column":7}},"locations":[{"start":{"line":91,"column":65},"end":{"line":97,"column":7}}]},"23":{"type":"branch","line":97,"loc":{"start":{"line":97,"column":6},"end":{"line":100,"column":28}},"locations":[{"start":{"line":97,"column":6},"end":{"line":100,"column":28}}]},"24":{"type":"branch","line":10
[...]
8,"column":5}},"70":{"start":{"line":71,"column":0},"end":{"line":71,"column":35}},"71":{"start":{"line":72,"column":0},"end":{"line":72,"column":41}},"72":{"start":{"line":73,"column":0},"end":{"line":73,"column":13}},"73":{"start":{"line":74,"column":0},"end":{"line":74,"column":49}},"74":{"start":{"line":75,"column":0},"end":{"line":75,"column":36}},"75":{"start":{"line":76,"column":0},"end":{"line":76,"column":10}},"76":{"start":{"line":77,"column":0},"end":{"line":77,"column":7}},"77":{"start":{"line":78,"column":0},"end":{"line":78,"column":12}},"78":{"start":{"line":79,"column":0},"end":{"line":79,"column":5}},"81":{"start":{"line":82,"column":0},"end":{"line":82,"column":52}},"82":{"start":{"line":83,"column":0},"end":{"line":83,"column":32}},"83":{"start":{"line":84,"column":0},"end":{"line":84,"column":12}},"84":{"start":{"line":85,"column":0},"end":{"line":85,"column":5}},"87":{"start":{"line":88,"column":0},"end":{"line":88,"column":55}},"88":{"start":{"line":89,"column":0},"end":{"line":89,"column":53}},"89":{"start":{"line":90,"column":0},"end":{"line":90,"column":5}},"90":{"start":{"line":91,"column":0},"end":{"line":91,"column":4}},"95":{"start":{"line":96,"column":0},"end":{"line":96,"column":34}},"96":{"start":{"line":97,"column":0},"end":{"line":97,"column":23}},"99":{"start":{"line":100,"column":0},"end":{"line":100,"column":22}},"100":{"start":{"line":101,"column":0},"end":{"line":101,"column":12}},"101":{"start":{"line":102,"column":0},"end":{"line":102,"column":5}},"104":{"start":{"line":105,"column":0},"end":{"line":105,"column":77}},"105":{"start":{"line":106,"column":0},"end":{"line":106,"column":23}},"106":{"start":{"line":107,"column":0},"end":{"line":107,"column":28}},"107":{"start":{"line":108,"column":0},"end":{"line":108,"column":32}},"108":{"start":{"line":109,"column":0},"end":{"line":109,"column":5}},"110":{"start":{"line":111,"column":0},"end":{"line":111,"column":9}},"111":{"start":{"line":112,"column":0},"end":{"line":112,"column":19}},"112":{"start":{"line":113,"column":0},"end":{"line":113,"column":40}},"113":{"start":{"line":114,"column":0},"end":{"line":114,"column":31}},"114":{"start":{"line":115,"column":0},"end":{"line":115,"column":6}},"115":{"start":{"line":116,"column":0},"end":{"line":116,"column":4}},"120":{"start":{"line":121,"column":0},"end":{"line":121,"column":20}},"121":{"start":{"line":122,"column":0},"end":{"line":122,"column":23}},"123":{"start":{"line":124,"column":0},"end":{"line":124,"column":58}},"124":{"start":{"line":125,"column":0},"end":{"line":125,"column":12}},"125":{"start":{"line":126,"column":0},"end":{"line":126,"column":5}},"128":{"start":{"line":129,"column":0},"end":{"line":129,"column":33}},"129":{"start":{"line":130,"column":0},"end":{"line":130,"column":12}},"130":{"start":{"line":131,"column":0},"end":{"line":131,"column":5}},"132":{"start":{"line":133,"column":0},"end":{"line":133,"column":58}},"133":{"start":{"line":134,"column":0},"end":{"line":134,"column":60}},"136":{"start":{"line":137,"column":0},"end":{"line":137,"column":29}},"139":{"start":{"line":140,"column":0},"end":{"line":140,"column":9}},"140":{"start":{"line":141,"column":0},"end":{"line":141,"column":36}},"141":{"start":{"line":142,"column":0},"end":{"line":142,"column":41}},"142":{"start":{"line":143,"column":0},"end":{"line":143,"column":41}},"143":{"start":{"line":144,"column":0},"end":{"line":144,"column":18}},"144":{"start":{"line":145,"column":0},"end":{"line":145,"column":44}},"145":{"start":{"line":146,"column":0},"end":{"line":146,"column":30}},"146":{"start":{"line":147,"column":0},"end":{"line":147,"column":38}},"147":{"start":{"line":148,"column":0},"end":{"line":148,"column":21}},"148":{"start":{"line":149,"column":0},"end":{"line":149,"column":9}},"149":{"start":{"line":150,"column":0},"end":{"line":150,"column":27}},"150":{"start":{"line":151,"column":0},"end":{"line":151,"column":8}},"151":{"start":{"line":152,"column":0},"end":{"line":152,"column":5}},"153":{"start":{"line":154,"column":0},"end":{"line":154,"column":49}},"156":{"start":{"line":157,"column":0},"end":{"line":157,"column":50}},"157":{"start":{"line":158,"column":0},"end":{"line":158,"column":12}},"158":{"start":{"line":159,"column":0},"end":{"line":159,"column":5}},"160":{"start":{"line":161,"column":0},"end":{"line":161,"column":9}},"161":{"start":{"line":162,"column":0},"end":{"line":162,"column":41}},"162":{"start":{"line":163,"column":0},"end":{"line":163,"column":26}},"163":{"start":{"line":164,"column":0},"end":{"line":164,"column":21}},"164":{"start":{"line":165,"column":0},"end":{"line":165,"column":31}},"165":{"start":{"line":166,"column":0},"end":{"line":166,"column":6}},"166":{"start":{"line":167,"column":0},"end":{"line":167,"column":4}},"171":{"start":{"line":172,"column":0},"end":{"line":172,"column":21}},"172":{"start":{"line":173,"column":0},"end":{"line":173,"column":23}},"175":{"start":{"line":176,"column":0},"end":{"line":176,"column":22}},"176":{"start":{"line":177,"column":0},"end":{"line":177,"column":12}},"177":{"start":{"line":178,"column":0},"end":{"line":178,"column":5}},"179":{"start":{"line":180,"column":0},"end":{"line":180,"column":60}},"180":{"start":{"line":181,"column":0},"end":{"line":181,"column":28}},"181":{"start":{"line":182,"column":0},"end":{"line":182,"column":48}},"182":{"start":{"line":183,"column":0},"end":{"line":183,"column":4}},"187":{"start":{"line":188,"column":0},"end":{"line":188,"column":23}},"188":{"start":{"line":189,"column":0},"end":{"line":189,"column":23}},"191":{"start":{"line":192,"column":0},"end":{"line":192,"column":22}},"192":{"start":{"line":193,"column":0},"end":{"line":193,"column":12}},"193":{"start":{"line":194,"column":0},"end":{"line":194,"column":5}},"195":{"start":{"line":196,"column":0},"end":{"line":196,"column":60}},"196":{"start":{"line":197,"column":0},"end":{"line":197,"column":35}},"197":{"start":{"line":198,"column":0},"end":{"line":198,"column":47}},"198":{"start":{"line":199,"column":0},"end":{"line":199,"column":4}},"203":{"start":{"line":204,"column":0},"end":{"line":204,"column":21}},"204":{"start":{"line":205,"column":0},"end":{"line":205,"column":9}},"205":{"start":{"line":206,"column":0},"end":{"line":206,"column":24}},"206":{"start":{"line":207,"column":0},"end":{"line":207,"column":32}},"207":{"start":{"line":208,"column":0},"end":{"line":208,"column":6}},"208":{"start":{"line":209,"column":0},"end":{"line":209,"column":4}},"213":{"start":{"line":214,"column":0},"end":{"line":214,"column":19}},"214":{"start":{"line":215,"column":0},"end":{"line":215,"column":9}},"215":{"start":{"line":216,"column":0},"end":{"line":216,"column":24}},"216":{"start":{"line":217,"column":0},"end":{"line":217,"column":26}},"217":{"start":{"line":218,"column":0},"end":{"line":218,"column":21}},"218":{"start":{"line":219,"column":0},"end":{"line":219,"column":32}},"219":{"start":{"line":220,"column":0},"end":{"line":220,"column":18}},"220":{"start":{"line":221,"column":0},"end":{"line":221,"column":6}},"221":{"start":{"line":222,"column":0},"end":{"line":222,"column":4}},"226":{"start":{"line":227,"column":0},"end":{"line":227,"column":21}},"227":{"start":{"line":228,"column":0},"end":{"line":228,"column":23}},"230":{"start":{"line":231,"column":0},"end":{"line":231,"column":22}},"231":{"start":{"line":232,"column":0},"end":{"line":232,"column":12}},"232":{"start":{"line":233,"column":0},"end":{"line":233,"column":5}},"234":{"start":{"line":235,"column":0},"end":{"line":235,"column":38}},"237":{"start":{"line":238,"column":0},"end":{"line":238,"column":84}},"238":{"start":{"line":239,"column":0},"end":{"line":239,"column":32}},"239":{"start":{"line":240,"column":0},"end":{"line":240,"column":12}},"240":{"start":{"line":241,"column":0},"end":{"line":241,"column":5}},"243":{"start":{"line":244,"column":0},"end":{"line":244,"column":47}},"244":{"start":{"line":245,"column":0},"end":{"line":245,"column":4}},"249":{"start":{"line":250,"column":0},"end":{"line":250,"column":16}},"250":{"start":{"line":251,"column":0},"end":{"line":251,"column":21}},"251":{"start":{"line":252,"column":0},"end":{"line":252,"column":4}},"252":{"start":{"line":253,"column":0},"end":{"line":253,"column":3}}},"s":{"0":1,"2":1,"11":1,"44":1,"45":1,"46":1,"47":1,"48":1,"49":1,"50":1,"55":1,"56":3,"61":3,"62":94,"65":94,"66":1,"67":1,"70":94,"71":22,"72":22,"73":22,"74":22,"75":22,"76":22,"77":22,"78":22,"81":94,"82":45,"83":45,"84":45,"87":94,"88":24,"89":24,"90":94,"95":3,"96":28,"99":28,"100":0,"101":0,"104":28,"105":1,"106":1,"107":1,"108":1,"110":28,"111":28,"112":28,"113":28,"114":28,"115":28,"120":3,"121":17,"123":17,"124":0,"125":0,"128":17,"129":0,"130":0,"132":17,"133":17,"136":17,"139":17,"140":17,"141":17,"142":17,"143":17,"144":7,"145":7,"146":6,"147":6,"148":6,"149":1,"150":7,"151":17,"153":17,"156":17,"157":6,"158":6,"160":11,"161":11,"162":11,"163":11,"164":11,"165":11,"166":17,"171":3,"172":4,"175":4,"176":0,"177":0,"179":4,"180":4,"181":4,"182":4,"187":3,"188":2,"191":2,"192":0,"193":0,"195":2,"196":2,"197":2,"198":2,"203":3,"204":1,"205":1,"206":1,"207":1,"208":1,"213":3,"214":4,"215":4,"216":4,"217":4,"218":4,"219":4,"220":4,"221":4,"226":3,"227":4,"230":4,"231":0,"232":0,"234":4,"237":4,"238":2,"239":2,"240":2,"243":2,"244":4,"249":3,"250":58,"251":58,"252":1},"branchMap":{"0":{"type":"branch","line":56,"loc":{"start":{"line":56,"column":58},"end":{"line":253,"column":2}},"locations":[{"start":{"line":56,"column":58},"end":{"line":253,"column":2}}]},"1":{"type":"branch","line":62,"loc":{"start":{"line":62,"column":15},"end":{"line":91,"column":4}},"locations":[{"start":{"line":62,"column":15},"end":{"line":91,"column":4}}]},"2":{"type":"branch","line":66,"loc":{"start":{"line":66,"column":21},"end":{"line":68,"column":5}},"locations":[{"start":{"line":66,"column":21},"end":{"line":68,"column":5}}]},"3":{"type":"branch","line":68,"loc":{"start":{"line":68,"column":4},"end":{"line":71,"column":34}},"locations":[{"start":{"line":68,"column":4},"end":{"line":71,"column":34}}]},"4":{"type":"branch","line":71,"loc":{"start":{"line":71,"column":34},"end":{"line":79,"column":5}},"locations":[{"start":{"line":71,"column":34},"end":{"line":79,"column":5}}]},"5":{"type":"branch","line":74,"loc":{"start":{"line":74,"column":32},"end":{"line":74,"column":45}},"locations":[{"start":{"line":74,"column":32},"end":{"line":74,"column":45}}]},"6":{"type":"branch","line":79,"loc":{"start":{"line":79,"column":4},"end":{"line":82,"column":38}},"locations":[{"start":{"line":79,"column":4},"end":{"line":82,"column":38}}]},"7":{"type":"branch","line":82,"loc":{"start":{"line":82,"column":31},"end":{"line":82,"column":51}},"locations":[{"start":{"line":82,"column":31},"end":{"line":82,"column":51}}]},"8":{"type":"branch","line":82,"loc":{"start":{"line":82,"column":51},"end":{"line":88,"column":54}},"locations":[{"start":{"line":82,"column":51},"end":{"line":88,"column":54}}]},"9":{"type":"branch","line":82,"loc":{"start":{"line":82,"column":51},"end":{"line":85,"column":5}},"locations":[{"start":{"line":82,"column":51},"end":{"line":85,"column":5}}]},"10":{"type":"branch","line":85,"loc":{"start":{"line":85,"column":4},"end":{"line":88,"column":54}},"locations":[{"start":{"line":85,"column":4},"end":{"line":88,"column":54}}]},"11":{"type":"branch","line":88,"loc":{"start":{"line":88,"column":54},"end":{"line":90,"column":5}},"locations":[{"start":{"line":88,"column":54},"end":{"line":90,"column":5}}]},"12":{"type":"branch","line":96,"loc":{"start":{"line":96,"column":15},"end":{"line":116,"column":4}},"locations":[{"start":{"line":96,"column":15},"end":{"line":116,"column":4}}]},"13":{"type":"branch","line":100,"loc":{"start":{"line":100,"column":21},"end":{"line":102,"column":5}},"locations":[{"start":{"line":100,"column":21},"end":{"line":102,"column":5}}]},"14":{"type":"branch","line":105,"loc":{"start":{"line":105,"column":14},"end":{"line":105,"column":49}},"locations":[{"start":{"line":105,"column":14},"end":{"line":105,"column":49}}]},"15":{"type":"branch","line":105,"loc":{"start":{"line":105,"column":32},"end":{"line":105,"column":76}},"locations":[{"start":{"line":105,"column":32},"end":{"line":105,"column":76}}]},"16":{"type":"branch","line":105,"loc":{"start":{"line":105,"column":76},"end":{"line":109,"column":5}},"locations":[{"start":{"line":105,"column":76},"end":{"line":109,"column":5}}]},"17":{"type":"branch","line":108,"loc":{"start":{"line":108,"column":26},"end":{"line":108,"column":32}},"locations":[{"start":{"line":108,"column":26},"end":{"line":108,"column":32}}]},"18":{"type":"branch","line":121,"loc":{"start":{"line":121,"column":13},"end":{"line":167,"column":4}},"locations":[{"start":{"line":121,"column":13},"end":{"line":167,"column":4}}]},"19":{"type":"branch","line":124,"loc":{"start":{"line":124,"column":57},"end":{"line":126,"column":5}},"locations":[{"start":{"line":124,"column":57},"end":{"line":126,"column":5}}]},"20":{"type":"branch","line":129,"loc":{"start":{"line":129,"column":32},"end":{"line":131,"column":5}},"locations":[{"start":{"line":129,"column":32},"end":{"line":131,"column":5}}]},"21":{"type":"branch","line":157,"loc":{"start":{"line":157,"column":19},"end":{"line":157,"column":49}},"locations":[{"start":{"line":157,"column":19},"end":{"line":157,"column":49}}]},"22":{"type":"branch","line":157,"loc":{"start":{"line":157,"column":49},"end":{"line":166,"column":6}},"locations":[{"start":{"line":157,"column":49},"end":{"line":166,"column":6}}]},"23":{"type":"branch","line":157,"loc":{"start":{"line":157,"column":49},"end":{"line":159,"column":5}},"locations":[{"start":{"line":157,"column":49},"end":{"line":159,"column":5}}]},"24":{"type":"branch","line":159,"loc":{"start":{"line":159,"column":4},"end":{"line":166,"column":6}},"locations":[{"start":{"line":159,"column":4},"end":{"line":166,"column":6}}]},"25":{"type":"branch","line":141,"loc":{"start":{"line":141,"column":11},"end":{"line":141,"column":36}},"locations":[{"start":{"line":141,"column":11},"end":{"line":141,"column":36}}]},"26":{"type":"branch","line":142,"loc":{"start":{"line":142,"column":11},"end":{"line":142,"column":41}},"locations":[{"start":{"line":142,"column":11},"end":{"line":142,"column":41}}]},"27":{"type":"branch","line":143,"loc":{"start":{"line":143,"column":11},"end":{"line":143,"column":41}},"locations":[{"start":{"line":143,"column":11},"end":{"line":143,"column":41}}]},"28":{"type":"branch","line":144,"loc":{"start":{"line":144,"column":11},"end":{"line":151,"column":8}},"locations":[{"start":{"line":144,"column":11},"end":{"line":151,"column":8}}]},"29":{"type":"branch","line":146,"loc":{"start":{"line":146,"column":29},"end":{"line":150,"column":27}},"locations":[{"start":{"line":146,"column":29},"end":{"line":150,"column":27}}]},"30":{"type":"branch","line":149,"loc":{"start":{"line":149,"column":8},"end":{"line":150,"column":27}},"locations":[{"start":{"line":149,"column":8},"end":{"line":150,"column":27}}]},"31":{"type":"branch","line":172,"loc":{"start":{"line":172,"column":14},"end":{"line":183,"column":4}},"locations":[{"start":{"line":172,"column":14},"end":{"line":183,"column":4}}]},"32":{"type":"branch","line":176,"loc":{"start":{"line":176,"column":21},"end":{"line":178,"column":5}},"locations":[{"start":{"line":176,"column":21},"end":{"line":178,"column":5}}]},"33":{"type":"branch","line":188,"loc":{"start":{"line":188,"column":16},"end":{"line":199,"column":4}},"locations":[{"start":{"line":188,"column":16},"end":{"line":199,"column":4}}]},"34":{"type":"branch","line":192,"loc":{"start":{"line":192,"column":21},"end":{"line":194,"column":5}},"locations":[{"start":{"line":192,"column":21},"end":{"line":194,"column":5}}]},"35":{"type":"branch","line":204,"loc":{"start":{"line":204,"column":14},"end":{"line":209,"column":4}},"locations":[{"start":{"line":204,"column":14},"end":{"line":209,"column":4}}]},"36":{"type":"branch","line":214,"loc":{"start":{"line":214,"column":12},"end":{"line":222,"column":4}},"locations":[{"start":{"line":214,"column":12},"end":{"line":222,"column":4}}]},"37":{"type":"branch","line":227,"loc":{"start":{"line":227,"column":14},"end":{"line":245,"column":4}},"locations":[{"start":{"line":227,"column":14},"end":{"line":245,"column":4}}]},"38":{"type":"branch","line":231,"loc":{"start":{"line":231,"column":21},"end":{"line":233,"column":5}},"locations":[{"start":{"line":231,"column":21},"end":{"line":233,"column":5}}]},"39":{"type":"branch","line":238,"loc":{"start":{"line":238,"column":27},"end":{"line":238,"column":83}},"locations":[{"start":{"line":238,"column":27},"end":{"line":238,"column":83}}]},"40":{"type":"branch","line":238,"loc":{"start":{"line":238,"column":52},"end":{"line":238,"column":83}},"locations":[{"start":{"line":238,"column":52},"end":{"line":238,"column":83}}]},"41":{"type":"branch","line":238,"loc":{"start":{"line":238,"column":83},"end":{"line":244,"column":47}},"locations":[{"start":{"line":238,"column":83},"end":{"line":244,"column":47}}]},"42":{"type":"branch","line":250,"loc":{"start":{"line":250,"column":9},"end":{"line":252,"column":4}},"locations":[{"start":{"line":250,"column":9},"end":{"line":252,"column":4}}]}},"b":{"0":[3],"1":[94],"2":[1],"3":[93],"4":[22],"5":[0],"6":[71],"7":[45],"8":[77],"9":[45],"10":[26],"11":[24],"12":[28],"13":[0],"14":[2],"15":[2],"16":[1],"17":[0],"18":[17],"19":[0],"20":[0],"21":[11],"22":[14],"23":[6],"24":[11],"25":[6],"26":[1],"27":[3],"28":[7],"29":[6],"30":[1],"31":[4],"32":[0],"33":[2],"34":[0],"35":[1],"36":[4],"37":[4],"38":[0],"39":[2],"40":[1],"41":[2],"42":[58]},"fnMap":{"0":{"name":"inputNumber","decl":{"start":{"line":62,"column":15},"end":{"line":91,"column":4}},"loc":{"start":{"line":62,"column":15},"end":{"line":91,"column":4}},"line":62},"1":{"name":"setOperator","decl":{"start":{"line":96,"column":15},"end":{"line":116,"column":4}},"loc":{"start":{"line":96,"column":15},"end":{"line":116,"column":4}},"line":96},"2":{"name":"calculate","decl":{"start":{"line":121,"column":13},"end":{"line":167,"column":4}},"loc":{"start":{"line":121,"column":13},"end":{"line":167,"column":4}},"line":121},"3":{"name":"+","decl":{"start":{"line":141,"column":11},"end":{"line":141,"column":36}},"loc":{"start":{"line":141,"column":11},"end":{"line":141,"column":36}},"line":141},"4":{"name":"-","decl":{"start":{"line":142,"column":11},"end":{"line":142,"column":41}},"loc":{"start":{"line":142,"column":11},"end":{"line":142,"column":41}},"line":142},"5":{"name":"×","decl":{"start":{"line":143,"column":11},"end":{"line":143,"column":41}},"loc":{"start":{"line":143,"column":11},"end":{"line":143,"column":41}},"line":143},"6":{"name":"÷","decl":{"start":{"line":144,"column":11},"end":{"line":151,"column":8}},"loc":{"start":{"line":144,"column":11},"end":{"line":151,"column":8}},"line":144},"7":{"name":"toggleSign","decl":{"start":{"line":172,"column":14},"end":{"line":183,"column":4}},"loc":{"start":{"line":172,"column":14},"end":{"line":183,"column":4}},"line":172},"8":{"name":"inputPercent","decl":{"start":{"line":188,"column":16},"end":{"line":199,"column":4}},"loc":{"start":{"line":188,"column":16},"end":{"line":199,"column":4}},"line":188},"9":{"name":"clearEntry","decl":{"start":{"line":204,"column":14},"end":{"line":209,"column":4}},"loc":{"start":{"line":204,"column":14},"end":{"line":209,"column":4}},"line":204},"10":{"name":"clearAll","decl":{"start":{"line":214,"column":12},"end":{"line":222,"column":4}},"loc":{"start":{"line":214,"column":12},"end":{"line":222,"column":4}},"line":214},"11":{"name":"deleteLast","decl":{"start":{"line":227,"column":14},"end":{"line":245,"column":4}},"loc":{"start":{"line":227,"column":14},"end":{"line":245,"column":4}},"line":227},"12":{"name":"reset","decl":{"start":{"line":250,"column":9},"end":{"line":252,"column":4}},"loc":{"start":{"line":250,"column":9},"end":{"line":252,"column":4}},"line":250}},"f":{"0":94,"1":28,"2":17,"3":6,"4":1,"5":3,"6":7,"7":4,"8":2,"9":1,"10":4,"11":4,"12":58}}
}
